{"/Users/lukin/Neumann/neumann-ts/src/client.ts": {"path":"/Users/lukin/Neumann/neumann-ts/src/client.ts","all":false,"statementMap":{"0":{"start":{"line":1,"column":0},"end":{"line":1,"column":31}},"1":{"start":{"line":2,"column":0},"end":{"line":2,"column":13}},"2":{"start":{"line":3,"column":0},"end":{"line":3,"column":14}},"3":{"start":{"line":4,"column":0},"end":{"line":4,"column":6}},"4":{"start":{"line":5,"column":0},"end":{"line":5,"column":7}},"5":{"start":{"line":6,"column":0},"end":{"line":6,"column":7}},"6":{"start":{"line":7,"column":0},"end":{"line":7,"column":7}},"7":{"start":{"line":8,"column":0},"end":{"line":8,"column":14}},"8":{"start":{"line":9,"column":0},"end":{"line":9,"column":14}},"9":{"start":{"line":10,"column":0},"end":{"line":10,"column":15}},"10":{"start":{"line":11,"column":0},"end":{"line":11,"column":33}},"11":{"start":{"line":12,"column":0},"end":{"line":12,"column":46}},"12":{"start":{"line":13,"column":0},"end":{"line":13,"column":8}},"13":{"start":{"line":14,"column":0},"end":{"line":14,"column":18}},"14":{"start":{"line":15,"column":0},"end":{"line":15,"column":22}},"15":{"start":{"line":16,"column":0},"end":{"line":16,"column":24}},"16":{"start":{"line":17,"column":0},"end":{"line":17,"column":16}},"17":{"start":{"line":18,"column":0},"end":{"line":18,"column":23}},"18":{"start":{"line":19,"column":0},"end":{"line":19,"column":16}},"19":{"start":{"line":20,"column":0},"end":{"line":20,"column":16}},"20":{"start":{"line":21,"column":0},"end":{"line":21,"column":27}},"21":{"start":{"line":22,"column":0},"end":{"line":22,"column":54}},"22":{"start":{"line":23,"column":0},"end":{"line":23,"column":8}},"23":{"start":{"line":24,"column":0},"end":{"line":24,"column":12}},"24":{"start":{"line":25,"column":0},"end":{"line":25,"column":11}},"25":{"start":{"line":26,"column":0},"end":{"line":26,"column":13}},"26":{"start":{"line":27,"column":0},"end":{"line":27,"column":14}},"27":{"start":{"line":28,"column":0},"end":{"line":28,"column":12}},"28":{"start":{"line":29,"column":0},"end":{"line":29,"column":13}},"29":{"start":{"line":30,"column":0},"end":{"line":30,"column":26}},"30":{"start":{"line":31,"column":0},"end":{"line":31,"column":43}},"31":{"start":{"line":32,"column":0},"end":{"line":32,"column":52}},"32":{"start":{"line":33,"column":0},"end":{"line":33,"column":0}},"33":{"start":{"line":34,"column":0},"end":{"line":34,"column":3}},"34":{"start":{"line":35,"column":0},"end":{"line":35,"column":46}},"35":{"start":{"line":36,"column":0},"end":{"line":36,"column":3}},"36":{"start":{"line":37,"column":0},"end":{"line":37,"column":33}},"37":{"start":{"line":38,"column":0},"end":{"line":38,"column":36}},"38":{"start":{"line":39,"column":0},"end":{"line":39,"column":18}},"39":{"start":{"line":40,"column":0},"end":{"line":40,"column":39}},"40":{"start":{"line":41,"column":0},"end":{"line":41,"column":16}},"41":{"start":{"line":42,"column":0},"end":{"line":42,"column":33}},"42":{"start":{"line":43,"column":0},"end":{"line":43,"column":36}},"43":{"start":{"line":44,"column":0},"end":{"line":44,"column":1}},"44":{"start":{"line":45,"column":0},"end":{"line":45,"column":0}},"45":{"start":{"line":46,"column":0},"end":{"line":46,"column":3}},"46":{"start":{"line":47,"column":0},"end":{"line":47,"column":31}},"47":{"start":{"line":48,"column":0},"end":{"line":48,"column":3}},"48":{"start":{"line":49,"column":0},"end":{"line":49,"column":31}},"49":{"start":{"line":50,"column":0},"end":{"line":50,"column":35}},"50":{"start":{"line":51,"column":0},"end":{"line":51,"column":20}},"51":{"start":{"line":52,"column":0},"end":{"line":52,"column":1}},"52":{"start":{"line":53,"column":0},"end":{"line":53,"column":0}},"53":{"start":{"line":54,"column":0},"end":{"line":54,"column":3}},"54":{"start":{"line":55,"column":0},"end":{"line":55,"column":15}},"55":{"start":{"line":56,"column":0},"end":{"line":56,"column":3}},"56":{"start":{"line":57,"column":0},"end":{"line":57,"column":47}},"57":{"start":{"line":58,"column":0},"end":{"line":58,"column":0}},"58":{"start":{"line":59,"column":0},"end":{"line":59,"column":3}},"59":{"start":{"line":60,"column":0},"end":{"line":60,"column":73}},"60":{"start":{"line":61,"column":0},"end":{"line":61,"column":3}},"61":{"start":{"line":62,"column":0},"end":{"line":62,"column":28}},"62":{"start":{"line":63,"column":0},"end":{"line":63,"column":27}},"63":{"start":{"line":64,"column":0},"end":{"line":64,"column":28}},"64":{"start":{"line":65,"column":0},"end":{"line":65,"column":33}},"65":{"start":{"line":66,"column":0},"end":{"line":66,"column":37}},"66":{"start":{"line":67,"column":0},"end":{"line":67,"column":38}},"67":{"start":{"line":68,"column":0},"end":{"line":68,"column":55}},"68":{"start":{"line":69,"column":0},"end":{"line":69,"column":52}},"69":{"start":{"line":70,"column":0},"end":{"line":70,"column":0}},"70":{"start":{"line":71,"column":0},"end":{"line":71,"column":41}},"71":{"start":{"line":72,"column":0},"end":{"line":72,"column":21}},"72":{"start":{"line":73,"column":0},"end":{"line":73,"column":3}},"73":{"start":{"line":74,"column":0},"end":{"line":74,"column":0}},"74":{"start":{"line":75,"column":0},"end":{"line":75,"column":5}},"75":{"start":{"line":76,"column":0},"end":{"line":76,"column":49}},"76":{"start":{"line":77,"column":0},"end":{"line":77,"column":4}},"77":{"start":{"line":78,"column":0},"end":{"line":78,"column":59}},"78":{"start":{"line":79,"column":0},"end":{"line":79,"column":41}},"79":{"start":{"line":80,"column":0},"end":{"line":80,"column":40}},"80":{"start":{"line":81,"column":0},"end":{"line":81,"column":5}},"81":{"start":{"line":82,"column":0},"end":{"line":82,"column":95}},"82":{"start":{"line":83,"column":0},"end":{"line":83,"column":47}},"83":{"start":{"line":84,"column":0},"end":{"line":84,"column":35}},"84":{"start":{"line":85,"column":0},"end":{"line":85,"column":29}},"85":{"start":{"line":86,"column":0},"end":{"line":86,"column":0}},"86":{"start":{"line":87,"column":0},"end":{"line":87,"column":9}},"87":{"start":{"line":88,"column":0},"end":{"line":88,"column":49}},"88":{"start":{"line":89,"column":0},"end":{"line":89,"column":77}},"89":{"start":{"line":90,"column":0},"end":{"line":90,"column":0}},"90":{"start":{"line":91,"column":0},"end":{"line":91,"column":38}},"91":{"start":{"line":92,"column":0},"end":{"line":92,"column":37}},"92":{"start":{"line":93,"column":0},"end":{"line":93,"column":38}},"93":{"start":{"line":94,"column":0},"end":{"line":94,"column":44}},"94":{"start":{"line":95,"column":0},"end":{"line":95,"column":0}},"95":{"start":{"line":96,"column":0},"end":{"line":96,"column":48}},"96":{"start":{"line":97,"column":0},"end":{"line":97,"column":14}},"97":{"start":{"line":98,"column":0},"end":{"line":98,"column":16}},"98":{"start":{"line":99,"column":0},"end":{"line":99,"column":19}},"99":{"start":{"line":100,"column":0},"end":{"line":100,"column":30}},"100":{"start":{"line":101,"column":0},"end":{"line":101,"column":0}},"101":{"start":{"line":102,"column":0},"end":{"line":102,"column":42}},"102":{"start":{"line":103,"column":0},"end":{"line":103,"column":48}},"103":{"start":{"line":104,"column":0},"end":{"line":104,"column":27}},"104":{"start":{"line":105,"column":0},"end":{"line":105,"column":61}},"105":{"start":{"line":106,"column":0},"end":{"line":106,"column":7}},"106":{"start":{"line":107,"column":0},"end":{"line":107,"column":29}},"107":{"start":{"line":108,"column":0},"end":{"line":108,"column":70}},"108":{"start":{"line":109,"column":0},"end":{"line":109,"column":46}},"109":{"start":{"line":110,"column":0},"end":{"line":110,"column":9}},"110":{"start":{"line":111,"column":0},"end":{"line":111,"column":7}},"111":{"start":{"line":112,"column":0},"end":{"line":112,"column":0}},"112":{"start":{"line":113,"column":0},"end":{"line":113,"column":30}},"113":{"start":{"line":114,"column":0},"end":{"line":114,"column":19}},"114":{"start":{"line":115,"column":0},"end":{"line":115,"column":83}},"115":{"start":{"line":116,"column":0},"end":{"line":116,"column":5}},"116":{"start":{"line":117,"column":0},"end":{"line":117,"column":0}},"117":{"start":{"line":118,"column":0},"end":{"line":118,"column":18}},"118":{"start":{"line":119,"column":0},"end":{"line":119,"column":3}},"119":{"start":{"line":120,"column":0},"end":{"line":120,"column":0}},"120":{"start":{"line":121,"column":0},"end":{"line":121,"column":5}},"121":{"start":{"line":122,"column":0},"end":{"line":122,"column":68}},"122":{"start":{"line":123,"column":0},"end":{"line":123,"column":4}},"123":{"start":{"line":124,"column":0},"end":{"line":124,"column":46}},"124":{"start":{"line":125,"column":0},"end":{"line":125,"column":41}},"125":{"start":{"line":126,"column":0},"end":{"line":126,"column":40}},"126":{"start":{"line":127,"column":0},"end":{"line":127,"column":5}},"127":{"start":{"line":128,"column":0},"end":{"line":128,"column":98}},"128":{"start":{"line":129,"column":0},"end":{"line":129,"column":47}},"129":{"start":{"line":130,"column":0},"end":{"line":130,"column":35}},"130":{"start":{"line":131,"column":0},"end":{"line":131,"column":29}},"131":{"start":{"line":132,"column":0},"end":{"line":132,"column":0}},"132":{"start":{"line":133,"column":0},"end":{"line":133,"column":9}},"133":{"start":{"line":134,"column":0},"end":{"line":134,"column":58}},"134":{"start":{"line":135,"column":0},"end":{"line":135,"column":47}},"135":{"start":{"line":136,"column":0},"end":{"line":136,"column":74}},"136":{"start":{"line":137,"column":0},"end":{"line":137,"column":30}},"137":{"start":{"line":138,"column":0},"end":{"line":138,"column":19}},"138":{"start":{"line":139,"column":0},"end":{"line":139,"column":82}},"139":{"start":{"line":140,"column":0},"end":{"line":140,"column":5}},"140":{"start":{"line":141,"column":0},"end":{"line":141,"column":0}},"141":{"start":{"line":142,"column":0},"end":{"line":142,"column":18}},"142":{"start":{"line":143,"column":0},"end":{"line":143,"column":3}},"143":{"start":{"line":144,"column":0},"end":{"line":144,"column":0}},"144":{"start":{"line":145,"column":0},"end":{"line":145,"column":5}},"145":{"start":{"line":146,"column":0},"end":{"line":146,"column":34}},"146":{"start":{"line":147,"column":0},"end":{"line":147,"column":5}},"147":{"start":{"line":148,"column":0},"end":{"line":148,"column":30}},"148":{"start":{"line":149,"column":0},"end":{"line":149,"column":26}},"149":{"start":{"line":150,"column":0},"end":{"line":150,"column":3}},"150":{"start":{"line":151,"column":0},"end":{"line":151,"column":0}},"151":{"start":{"line":152,"column":0},"end":{"line":152,"column":5}},"152":{"start":{"line":153,"column":0},"end":{"line":153,"column":25}},"153":{"start":{"line":154,"column":0},"end":{"line":154,"column":5}},"154":{"start":{"line":155,"column":0},"end":{"line":155,"column":32}},"155":{"start":{"line":156,"column":0},"end":{"line":156,"column":21}},"156":{"start":{"line":157,"column":0},"end":{"line":157,"column":3}},"157":{"start":{"line":158,"column":0},"end":{"line":158,"column":0}},"158":{"start":{"line":159,"column":0},"end":{"line":159,"column":5}},"159":{"start":{"line":160,"column":0},"end":{"line":160,"column":33}},"160":{"start":{"line":161,"column":0},"end":{"line":161,"column":5}},"161":{"start":{"line":162,"column":0},"end":{"line":162,"column":17}},"162":{"start":{"line":163,"column":0},"end":{"line":163,"column":23}},"163":{"start":{"line":164,"column":0},"end":{"line":164,"column":27}},"164":{"start":{"line":165,"column":0},"end":{"line":165,"column":3}},"165":{"start":{"line":166,"column":0},"end":{"line":166,"column":0}},"166":{"start":{"line":167,"column":0},"end":{"line":167,"column":5}},"167":{"start":{"line":168,"column":0},"end":{"line":168,"column":43}},"168":{"start":{"line":169,"column":0},"end":{"line":169,"column":4}},"169":{"start":{"line":170,"column":0},"end":{"line":170,"column":49}},"170":{"start":{"line":171,"column":0},"end":{"line":171,"column":36}},"171":{"start":{"line":172,"column":0},"end":{"line":172,"column":27}},"172":{"start":{"line":173,"column":0},"end":{"line":173,"column":5}},"173":{"start":{"line":174,"column":0},"end":{"line":174,"column":82}},"174":{"start":{"line":175,"column":0},"end":{"line":175,"column":46}},"175":{"start":{"line":176,"column":0},"end":{"line":176,"column":59}},"176":{"start":{"line":177,"column":0},"end":{"line":177,"column":5}},"177":{"start":{"line":178,"column":0},"end":{"line":178,"column":0}},"178":{"start":{"line":179,"column":0},"end":{"line":179,"column":21}},"179":{"start":{"line":180,"column":0},"end":{"line":180,"column":12}},"180":{"start":{"line":181,"column":0},"end":{"line":181,"column":39}},"181":{"start":{"line":182,"column":0},"end":{"line":182,"column":6}},"182":{"start":{"line":183,"column":0},"end":{"line":183,"column":0}},"183":{"start":{"line":184,"column":0},"end":{"line":184,"column":45}},"184":{"start":{"line":185,"column":0},"end":{"line":185,"column":31}},"185":{"start":{"line":186,"column":0},"end":{"line":186,"column":16}},"186":{"start":{"line":187,"column":0},"end":{"line":187,"column":27}},"187":{"start":{"line":188,"column":0},"end":{"line":188,"column":63}},"188":{"start":{"line":189,"column":0},"end":{"line":189,"column":20}},"189":{"start":{"line":190,"column":0},"end":{"line":190,"column":46}},"190":{"start":{"line":191,"column":0},"end":{"line":191,"column":19}},"191":{"start":{"line":192,"column":0},"end":{"line":192,"column":11}},"192":{"start":{"line":193,"column":0},"end":{"line":193,"column":15}},"193":{"start":{"line":194,"column":0},"end":{"line":194,"column":57}},"194":{"start":{"line":195,"column":0},"end":{"line":195,"column":23}},"195":{"start":{"line":196,"column":0},"end":{"line":196,"column":22}},"196":{"start":{"line":197,"column":0},"end":{"line":197,"column":11}},"197":{"start":{"line":198,"column":0},"end":{"line":198,"column":9}},"198":{"start":{"line":199,"column":0},"end":{"line":199,"column":8}},"199":{"start":{"line":200,"column":0},"end":{"line":200,"column":7}},"200":{"start":{"line":201,"column":0},"end":{"line":201,"column":3}},"201":{"start":{"line":202,"column":0},"end":{"line":202,"column":0}},"202":{"start":{"line":203,"column":0},"end":{"line":203,"column":5}},"203":{"start":{"line":204,"column":0},"end":{"line":204,"column":31}},"204":{"start":{"line":205,"column":0},"end":{"line":205,"column":4}},"205":{"start":{"line":206,"column":0},"end":{"line":206,"column":49}},"206":{"start":{"line":207,"column":0},"end":{"line":207,"column":36}},"207":{"start":{"line":208,"column":0},"end":{"line":208,"column":46}},"208":{"start":{"line":209,"column":0},"end":{"line":209,"column":5}},"209":{"start":{"line":210,"column":0},"end":{"line":210,"column":95}},"210":{"start":{"line":211,"column":0},"end":{"line":211,"column":46}},"211":{"start":{"line":212,"column":0},"end":{"line":212,"column":59}},"212":{"start":{"line":213,"column":0},"end":{"line":213,"column":5}},"213":{"start":{"line":214,"column":0},"end":{"line":214,"column":0}},"214":{"start":{"line":215,"column":0},"end":{"line":215,"column":21}},"215":{"start":{"line":216,"column":0},"end":{"line":216,"column":12}},"216":{"start":{"line":217,"column":0},"end":{"line":217,"column":39}},"217":{"start":{"line":218,"column":0},"end":{"line":218,"column":6}},"218":{"start":{"line":219,"column":0},"end":{"line":219,"column":0}},"219":{"start":{"line":220,"column":0},"end":{"line":220,"column":78}},"220":{"start":{"line":221,"column":0},"end":{"line":221,"column":0}},"221":{"start":{"line":222,"column":0},"end":{"line":222,"column":65}},"222":{"start":{"line":223,"column":0},"end":{"line":223,"column":26}},"223":{"start":{"line":224,"column":0},"end":{"line":224,"column":26}},"224":{"start":{"line":225,"column":0},"end":{"line":225,"column":50}},"225":{"start":{"line":226,"column":0},"end":{"line":226,"column":22}},"226":{"start":{"line":227,"column":0},"end":{"line":227,"column":23}},"227":{"start":{"line":228,"column":0},"end":{"line":228,"column":23}},"228":{"start":{"line":229,"column":0},"end":{"line":229,"column":30}},"229":{"start":{"line":230,"column":0},"end":{"line":230,"column":30}},"230":{"start":{"line":231,"column":0},"end":{"line":231,"column":8}},"231":{"start":{"line":232,"column":0},"end":{"line":232,"column":0}},"232":{"start":{"line":233,"column":0},"end":{"line":233,"column":22}},"233":{"start":{"line":234,"column":0},"end":{"line":234,"column":14}},"234":{"start":{"line":235,"column":0},"end":{"line":235,"column":7}},"235":{"start":{"line":236,"column":0},"end":{"line":236,"column":20}},"236":{"start":{"line":237,"column":0},"end":{"line":237,"column":59}},"237":{"start":{"line":238,"column":0},"end":{"line":238,"column":7}},"238":{"start":{"line":239,"column":0},"end":{"line":239,"column":42}},"239":{"start":{"line":240,"column":0},"end":{"line":240,"column":5}},"240":{"start":{"line":241,"column":0},"end":{"line":241,"column":3}},"241":{"start":{"line":242,"column":0},"end":{"line":242,"column":0}},"242":{"start":{"line":243,"column":0},"end":{"line":243,"column":5}},"243":{"start":{"line":244,"column":0},"end":{"line":244,"column":41}},"244":{"start":{"line":245,"column":0},"end":{"line":245,"column":4}},"245":{"start":{"line":246,"column":0},"end":{"line":246,"column":49}},"246":{"start":{"line":247,"column":0},"end":{"line":247,"column":36}},"247":{"start":{"line":248,"column":0},"end":{"line":248,"column":36}},"248":{"start":{"line":249,"column":0},"end":{"line":249,"column":5}},"249":{"start":{"line":250,"column":0},"end":{"line":250,"column":93}},"250":{"start":{"line":251,"column":0},"end":{"line":251,"column":46}},"251":{"start":{"line":252,"column":0},"end":{"line":252,"column":59}},"252":{"start":{"line":253,"column":0},"end":{"line":253,"column":5}},"253":{"start":{"line":254,"column":0},"end":{"line":254,"column":0}},"254":{"start":{"line":255,"column":0},"end":{"line":255,"column":21}},"255":{"start":{"line":256,"column":0},"end":{"line":256,"column":36}},"256":{"start":{"line":257,"column":0},"end":{"line":257,"column":17}},"257":{"start":{"line":258,"column":0},"end":{"line":258,"column":41}},"258":{"start":{"line":259,"column":0},"end":{"line":259,"column":10}},"259":{"start":{"line":260,"column":0},"end":{"line":260,"column":6}},"260":{"start":{"line":261,"column":0},"end":{"line":261,"column":0}},"261":{"start":{"line":262,"column":0},"end":{"line":262,"column":45}},"262":{"start":{"line":263,"column":0},"end":{"line":263,"column":36}},"263":{"start":{"line":264,"column":0},"end":{"line":264,"column":16}},"264":{"start":{"line":265,"column":0},"end":{"line":265,"column":27}},"265":{"start":{"line":266,"column":0},"end":{"line":266,"column":63}},"266":{"start":{"line":267,"column":0},"end":{"line":267,"column":20}},"267":{"start":{"line":268,"column":0},"end":{"line":268,"column":46}},"268":{"start":{"line":269,"column":0},"end":{"line":269,"column":19}},"269":{"start":{"line":270,"column":0},"end":{"line":270,"column":11}},"270":{"start":{"line":271,"column":0},"end":{"line":271,"column":15}},"271":{"start":{"line":272,"column":0},"end":{"line":272,"column":58}},"272":{"start":{"line":273,"column":0},"end":{"line":273,"column":91}},"273":{"start":{"line":274,"column":0},"end":{"line":274,"column":29}},"274":{"start":{"line":275,"column":0},"end":{"line":275,"column":23}},"275":{"start":{"line":276,"column":0},"end":{"line":276,"column":22}},"276":{"start":{"line":277,"column":0},"end":{"line":277,"column":11}},"277":{"start":{"line":278,"column":0},"end":{"line":278,"column":9}},"278":{"start":{"line":279,"column":0},"end":{"line":279,"column":8}},"279":{"start":{"line":280,"column":0},"end":{"line":280,"column":7}},"280":{"start":{"line":281,"column":0},"end":{"line":281,"column":3}},"281":{"start":{"line":282,"column":0},"end":{"line":282,"column":0}},"282":{"start":{"line":283,"column":0},"end":{"line":283,"column":5}},"283":{"start":{"line":284,"column":0},"end":{"line":284,"column":52}},"284":{"start":{"line":285,"column":0},"end":{"line":285,"column":5}},"285":{"start":{"line":286,"column":0},"end":{"line":286,"column":64}},"286":{"start":{"line":287,"column":0},"end":{"line":287,"column":27}},"287":{"start":{"line":288,"column":0},"end":{"line":288,"column":21}},"288":{"start":{"line":289,"column":0},"end":{"line":289,"column":32}},"289":{"start":{"line":290,"column":0},"end":{"line":290,"column":33}},"290":{"start":{"line":291,"column":0},"end":{"line":291,"column":35}},"291":{"start":{"line":292,"column":0},"end":{"line":292,"column":35}},"292":{"start":{"line":293,"column":0},"end":{"line":293,"column":35}},"293":{"start":{"line":294,"column":0},"end":{"line":294,"column":37}},"294":{"start":{"line":295,"column":0},"end":{"line":295,"column":41}},"295":{"start":{"line":296,"column":0},"end":{"line":296,"column":39}},"296":{"start":{"line":297,"column":0},"end":{"line":297,"column":34}},"297":{"start":{"line":298,"column":0},"end":{"line":298,"column":29}},"298":{"start":{"line":299,"column":0},"end":{"line":299,"column":48}},"299":{"start":{"line":300,"column":0},"end":{"line":300,"column":6}},"300":{"start":{"line":301,"column":0},"end":{"line":301,"column":0}},"301":{"start":{"line":302,"column":0},"end":{"line":302,"column":18}},"302":{"start":{"line":303,"column":0},"end":{"line":303,"column":77}},"303":{"start":{"line":304,"column":0},"end":{"line":304,"column":5}},"304":{"start":{"line":305,"column":0},"end":{"line":305,"column":32}},"305":{"start":{"line":306,"column":0},"end":{"line":306,"column":31}},"306":{"start":{"line":307,"column":0},"end":{"line":307,"column":5}},"307":{"start":{"line":308,"column":0},"end":{"line":308,"column":32}},"308":{"start":{"line":309,"column":0},"end":{"line":309,"column":53}},"309":{"start":{"line":310,"column":0},"end":{"line":310,"column":5}},"310":{"start":{"line":311,"column":0},"end":{"line":311,"column":31}},"311":{"start":{"line":312,"column":0},"end":{"line":312,"column":84}},"312":{"start":{"line":313,"column":0},"end":{"line":313,"column":5}},"313":{"start":{"line":314,"column":0},"end":{"line":314,"column":32}},"314":{"start":{"line":315,"column":0},"end":{"line":315,"column":91}},"315":{"start":{"line":316,"column":0},"end":{"line":316,"column":5}},"316":{"start":{"line":317,"column":0},"end":{"line":317,"column":32}},"317":{"start":{"line":318,"column":0},"end":{"line":318,"column":91}},"318":{"start":{"line":319,"column":0},"end":{"line":319,"column":5}},"319":{"start":{"line":320,"column":0},"end":{"line":320,"column":31}},"320":{"start":{"line":321,"column":0},"end":{"line":321,"column":66}},"321":{"start":{"line":322,"column":0},"end":{"line":322,"column":5}},"322":{"start":{"line":323,"column":0},"end":{"line":323,"column":34}},"323":{"start":{"line":324,"column":0},"end":{"line":324,"column":102}},"324":{"start":{"line":325,"column":0},"end":{"line":325,"column":5}},"325":{"start":{"line":326,"column":0},"end":{"line":326,"column":30}},"326":{"start":{"line":327,"column":0},"end":{"line":327,"column":57}},"327":{"start":{"line":328,"column":0},"end":{"line":328,"column":5}},"328":{"start":{"line":329,"column":0},"end":{"line":329,"column":36}},"329":{"start":{"line":330,"column":0},"end":{"line":330,"column":62}},"330":{"start":{"line":331,"column":0},"end":{"line":331,"column":5}},"331":{"start":{"line":332,"column":0},"end":{"line":332,"column":31}},"332":{"start":{"line":333,"column":0},"end":{"line":333,"column":49}},"333":{"start":{"line":334,"column":0},"end":{"line":334,"column":5}},"334":{"start":{"line":335,"column":0},"end":{"line":335,"column":39}},"335":{"start":{"line":336,"column":0},"end":{"line":336,"column":82}},"336":{"start":{"line":337,"column":0},"end":{"line":337,"column":5}},"337":{"start":{"line":338,"column":0},"end":{"line":338,"column":0}},"338":{"start":{"line":339,"column":0},"end":{"line":339,"column":29}},"339":{"start":{"line":340,"column":0},"end":{"line":340,"column":3}},"340":{"start":{"line":341,"column":0},"end":{"line":341,"column":0}},"341":{"start":{"line":342,"column":0},"end":{"line":342,"column":5}},"342":{"start":{"line":343,"column":0},"end":{"line":343,"column":57}},"343":{"start":{"line":344,"column":0},"end":{"line":344,"column":5}},"344":{"start":{"line":345,"column":0},"end":{"line":345,"column":58}},"345":{"start":{"line":346,"column":0},"end":{"line":346,"column":24}},"346":{"start":{"line":347,"column":0},"end":{"line":347,"column":29}},"347":{"start":{"line":348,"column":0},"end":{"line":348,"column":31}},"348":{"start":{"line":349,"column":0},"end":{"line":349,"column":31}},"349":{"start":{"line":350,"column":0},"end":{"line":350,"column":38}},"350":{"start":{"line":351,"column":0},"end":{"line":351,"column":28}},"351":{"start":{"line":352,"column":0},"end":{"line":352,"column":6}},"352":{"start":{"line":353,"column":0},"end":{"line":353,"column":0}},"353":{"start":{"line":354,"column":0},"end":{"line":354,"column":21}},"354":{"start":{"line":355,"column":0},"end":{"line":355,"column":66}},"355":{"start":{"line":356,"column":0},"end":{"line":356,"column":5}},"356":{"start":{"line":357,"column":0},"end":{"line":357,"column":23}},"357":{"start":{"line":358,"column":0},"end":{"line":358,"column":71}},"358":{"start":{"line":359,"column":0},"end":{"line":359,"column":5}},"359":{"start":{"line":360,"column":0},"end":{"line":360,"column":23}},"360":{"start":{"line":361,"column":0},"end":{"line":361,"column":71}},"361":{"start":{"line":362,"column":0},"end":{"line":362,"column":5}},"362":{"start":{"line":363,"column":0},"end":{"line":363,"column":30}},"363":{"start":{"line":364,"column":0},"end":{"line":364,"column":87}},"364":{"start":{"line":365,"column":0},"end":{"line":365,"column":5}},"365":{"start":{"line":366,"column":0},"end":{"line":366,"column":21}},"366":{"start":{"line":367,"column":0},"end":{"line":367,"column":48}},"367":{"start":{"line":368,"column":0},"end":{"line":368,"column":5}},"368":{"start":{"line":369,"column":0},"end":{"line":369,"column":0}},"369":{"start":{"line":370,"column":0},"end":{"line":370,"column":29}},"370":{"start":{"line":371,"column":0},"end":{"line":371,"column":3}},"371":{"start":{"line":372,"column":0},"end":{"line":372,"column":0}},"372":{"start":{"line":373,"column":0},"end":{"line":373,"column":5}},"373":{"start":{"line":374,"column":0},"end":{"line":374,"column":44}},"374":{"start":{"line":375,"column":0},"end":{"line":375,"column":5}},"375":{"start":{"line":376,"column":0},"end":{"line":376,"column":65}},"376":{"start":{"line":377,"column":0},"end":{"line":377,"column":24}},"377":{"start":{"line":378,"column":0},"end":{"line":378,"column":36}},"378":{"start":{"line":379,"column":0},"end":{"line":379,"column":31}},"379":{"start":{"line":380,"column":0},"end":{"line":380,"column":32}},"380":{"start":{"line":381,"column":0},"end":{"line":381,"column":24}},"381":{"start":{"line":382,"column":0},"end":{"line":382,"column":31}},"382":{"start":{"line":383,"column":0},"end":{"line":383,"column":27}},"383":{"start":{"line":384,"column":0},"end":{"line":384,"column":0}},"384":{"start":{"line":385,"column":0},"end":{"line":385,"column":35}},"385":{"start":{"line":386,"column":0},"end":{"line":386,"column":77}},"386":{"start":{"line":387,"column":0},"end":{"line":387,"column":5}},"387":{"start":{"line":388,"column":0},"end":{"line":388,"column":37}},"388":{"start":{"line":389,"column":0},"end":{"line":389,"column":75}},"389":{"start":{"line":390,"column":0},"end":{"line":390,"column":5}},"390":{"start":{"line":391,"column":0},"end":{"line":391,"column":29}},"391":{"start":{"line":392,"column":0},"end":{"line":392,"column":59}},"392":{"start":{"line":393,"column":0},"end":{"line":393,"column":5}},"393":{"start":{"line":394,"column":0},"end":{"line":394,"column":36}},"394":{"start":{"line":395,"column":0},"end":{"line":395,"column":73}},"395":{"start":{"line":396,"column":0},"end":{"line":396,"column":5}},"396":{"start":{"line":397,"column":0},"end":{"line":397,"column":31}},"397":{"start":{"line":398,"column":0},"end":{"line":398,"column":71}},"398":{"start":{"line":399,"column":0},"end":{"line":399,"column":5}},"399":{"start":{"line":400,"column":0},"end":{"line":400,"column":77}},"400":{"start":{"line":401,"column":0},"end":{"line":401,"column":3}},"401":{"start":{"line":402,"column":0},"end":{"line":402,"column":1}},"402":{"start":{"line":403,"column":0},"end":{"line":403,"column":0}},"403":{"start":{"line":404,"column":0},"end":{"line":404,"column":3}},"404":{"start":{"line":405,"column":0},"end":{"line":405,"column":36}},"405":{"start":{"line":406,"column":0},"end":{"line":406,"column":3}},"406":{"start":{"line":407,"column":0},"end":{"line":407,"column":63}},"407":{"start":{"line":408,"column":0},"end":{"line":408,"column":56}},"408":{"start":{"line":409,"column":0},"end":{"line":409,"column":23}},"409":{"start":{"line":410,"column":0},"end":{"line":410,"column":3}},"410":{"start":{"line":411,"column":0},"end":{"line":411,"column":0}},"411":{"start":{"line":412,"column":0},"end":{"line":412,"column":50}},"412":{"start":{"line":413,"column":0},"end":{"line":413,"column":0}},"413":{"start":{"line":414,"column":0},"end":{"line":414,"column":25}},"414":{"start":{"line":415,"column":0},"end":{"line":415,"column":23}},"415":{"start":{"line":416,"column":0},"end":{"line":416,"column":3}},"416":{"start":{"line":417,"column":0},"end":{"line":417,"column":58}},"417":{"start":{"line":418,"column":0},"end":{"line":418,"column":32}},"418":{"start":{"line":419,"column":0},"end":{"line":419,"column":3}},"419":{"start":{"line":420,"column":0},"end":{"line":420,"column":62}},"420":{"start":{"line":421,"column":0},"end":{"line":421,"column":36}},"421":{"start":{"line":422,"column":0},"end":{"line":422,"column":3}},"422":{"start":{"line":423,"column":0},"end":{"line":423,"column":64}},"423":{"start":{"line":424,"column":0},"end":{"line":424,"column":38}},"424":{"start":{"line":425,"column":0},"end":{"line":425,"column":3}},"425":{"start":{"line":426,"column":0},"end":{"line":426,"column":61}},"426":{"start":{"line":427,"column":0},"end":{"line":427,"column":34}},"427":{"start":{"line":428,"column":0},"end":{"line":428,"column":3}},"428":{"start":{"line":429,"column":0},"end":{"line":429,"column":64}},"429":{"start":{"line":430,"column":0},"end":{"line":430,"column":36}},"430":{"start":{"line":431,"column":0},"end":{"line":431,"column":3}},"431":{"start":{"line":432,"column":0},"end":{"line":432,"column":0}},"432":{"start":{"line":433,"column":0},"end":{"line":433,"column":21}},"433":{"start":{"line":434,"column":0},"end":{"line":434,"column":1}},"434":{"start":{"line":435,"column":0},"end":{"line":435,"column":0}},"435":{"start":{"line":436,"column":0},"end":{"line":436,"column":3}},"436":{"start":{"line":437,"column":0},"end":{"line":437,"column":32}},"437":{"start":{"line":438,"column":0},"end":{"line":438,"column":3}},"438":{"start":{"line":439,"column":0},"end":{"line":439,"column":57}},"439":{"start":{"line":440,"column":0},"end":{"line":440,"column":42}},"440":{"start":{"line":441,"column":0},"end":{"line":441,"column":80}},"441":{"start":{"line":442,"column":0},"end":{"line":442,"column":0}},"442":{"start":{"line":443,"column":0},"end":{"line":443,"column":20}},"443":{"start":{"line":444,"column":0},"end":{"line":444,"column":36}},"444":{"start":{"line":445,"column":0},"end":{"line":445,"column":57}},"445":{"start":{"line":446,"column":0},"end":{"line":446,"column":5}},"446":{"start":{"line":447,"column":0},"end":{"line":447,"column":3}},"447":{"start":{"line":448,"column":0},"end":{"line":448,"column":0}},"448":{"start":{"line":449,"column":0},"end":{"line":449,"column":20}},"449":{"start":{"line":450,"column":0},"end":{"line":450,"column":1}},"450":{"start":{"line":451,"column":0},"end":{"line":451,"column":0}},"451":{"start":{"line":452,"column":0},"end":{"line":452,"column":3}},"452":{"start":{"line":453,"column":0},"end":{"line":453,"column":34}},"453":{"start":{"line":454,"column":0},"end":{"line":454,"column":3}},"454":{"start":{"line":455,"column":0},"end":{"line":455,"column":60}},"455":{"start":{"line":456,"column":0},"end":{"line":456,"column":46}},"456":{"start":{"line":457,"column":0},"end":{"line":457,"column":29}},"457":{"start":{"line":458,"column":0},"end":{"line":458,"column":15}},"458":{"start":{"line":459,"column":0},"end":{"line":459,"column":18}},"459":{"start":{"line":460,"column":0},"end":{"line":460,"column":57}},"460":{"start":{"line":461,"column":0},"end":{"line":461,"column":4}},"461":{"start":{"line":462,"column":0},"end":{"line":462,"column":0}},"462":{"start":{"line":463,"column":0},"end":{"line":463,"column":24}},"463":{"start":{"line":464,"column":0},"end":{"line":464,"column":41}},"464":{"start":{"line":465,"column":0},"end":{"line":465,"column":63}},"465":{"start":{"line":466,"column":0},"end":{"line":466,"column":5}},"466":{"start":{"line":467,"column":0},"end":{"line":467,"column":3}},"467":{"start":{"line":468,"column":0},"end":{"line":468,"column":0}},"468":{"start":{"line":469,"column":0},"end":{"line":469,"column":10}},"469":{"start":{"line":470,"column":0},"end":{"line":470,"column":16}},"470":{"start":{"line":471,"column":0},"end":{"line":471,"column":22}},"471":{"start":{"line":472,"column":0},"end":{"line":472,"column":15}},"472":{"start":{"line":473,"column":0},"end":{"line":473,"column":4}},"473":{"start":{"line":474,"column":0},"end":{"line":474,"column":1}},"474":{"start":{"line":475,"column":0},"end":{"line":475,"column":0}},"475":{"start":{"line":476,"column":0},"end":{"line":476,"column":3}},"476":{"start":{"line":477,"column":0},"end":{"line":477,"column":35}},"477":{"start":{"line":478,"column":0},"end":{"line":478,"column":3}},"478":{"start":{"line":479,"column":0},"end":{"line":479,"column":60}},"479":{"start":{"line":480,"column":0},"end":{"line":480,"column":46}},"480":{"start":{"line":481,"column":0},"end":{"line":481,"column":29}},"481":{"start":{"line":482,"column":0},"end":{"line":482,"column":15}},"482":{"start":{"line":483,"column":0},"end":{"line":483,"column":21}},"483":{"start":{"line":484,"column":0},"end":{"line":484,"column":21}},"484":{"start":{"line":485,"column":0},"end":{"line":485,"column":21}},"485":{"start":{"line":486,"column":0},"end":{"line":486,"column":57}},"486":{"start":{"line":487,"column":0},"end":{"line":487,"column":4}},"487":{"start":{"line":488,"column":0},"end":{"line":488,"column":0}},"488":{"start":{"line":489,"column":0},"end":{"line":489,"column":24}},"489":{"start":{"line":490,"column":0},"end":{"line":490,"column":41}},"490":{"start":{"line":491,"column":0},"end":{"line":491,"column":63}},"491":{"start":{"line":492,"column":0},"end":{"line":492,"column":5}},"492":{"start":{"line":493,"column":0},"end":{"line":493,"column":3}},"493":{"start":{"line":494,"column":0},"end":{"line":494,"column":0}},"494":{"start":{"line":495,"column":0},"end":{"line":495,"column":10}},"495":{"start":{"line":496,"column":0},"end":{"line":496,"column":16}},"496":{"start":{"line":497,"column":0},"end":{"line":497,"column":28}},"497":{"start":{"line":498,"column":0},"end":{"line":498,"column":26}},"498":{"start":{"line":499,"column":0},"end":{"line":499,"column":26}},"499":{"start":{"line":500,"column":0},"end":{"line":500,"column":15}},"500":{"start":{"line":501,"column":0},"end":{"line":501,"column":4}},"501":{"start":{"line":502,"column":0},"end":{"line":502,"column":1}},"502":{"start":{"line":503,"column":0},"end":{"line":503,"column":0}},"503":{"start":{"line":504,"column":0},"end":{"line":504,"column":3}},"504":{"start":{"line":505,"column":0},"end":{"line":505,"column":34}},"505":{"start":{"line":506,"column":0},"end":{"line":506,"column":3}},"506":{"start":{"line":507,"column":0},"end":{"line":507,"column":60}},"507":{"start":{"line":508,"column":0},"end":{"line":508,"column":37}},"508":{"start":{"line":509,"column":0},"end":{"line":509,"column":29}},"509":{"start":{"line":510,"column":0},"end":{"line":510,"column":56}},"510":{"start":{"line":511,"column":0},"end":{"line":511,"column":4}},"511":{"start":{"line":512,"column":0},"end":{"line":512,"column":0}},"512":{"start":{"line":513,"column":0},"end":{"line":513,"column":22}},"513":{"start":{"line":514,"column":0},"end":{"line":514,"column":38}},"514":{"start":{"line":515,"column":0},"end":{"line":515,"column":36}},"515":{"start":{"line":516,"column":0},"end":{"line":516,"column":41}},"516":{"start":{"line":517,"column":0},"end":{"line":517,"column":8}},"517":{"start":{"line":518,"column":0},"end":{"line":518,"column":21}},"518":{"start":{"line":519,"column":0},"end":{"line":519,"column":50}},"519":{"start":{"line":520,"column":0},"end":{"line":520,"column":7}},"520":{"start":{"line":521,"column":0},"end":{"line":521,"column":29}},"521":{"start":{"line":522,"column":0},"end":{"line":522,"column":5}},"522":{"start":{"line":523,"column":0},"end":{"line":523,"column":3}},"523":{"start":{"line":524,"column":0},"end":{"line":524,"column":0}},"524":{"start":{"line":525,"column":0},"end":{"line":525,"column":22}},"525":{"start":{"line":526,"column":0},"end":{"line":526,"column":1}},"526":{"start":{"line":527,"column":0},"end":{"line":527,"column":0}},"527":{"start":{"line":528,"column":0},"end":{"line":528,"column":3}},"528":{"start":{"line":529,"column":0},"end":{"line":529,"column":49}},"529":{"start":{"line":530,"column":0},"end":{"line":530,"column":3}},"530":{"start":{"line":531,"column":0},"end":{"line":531,"column":74}},"531":{"start":{"line":532,"column":0},"end":{"line":532,"column":29}},"532":{"start":{"line":533,"column":0},"end":{"line":533,"column":16}},"533":{"start":{"line":534,"column":0},"end":{"line":534,"column":18}},"534":{"start":{"line":535,"column":0},"end":{"line":535,"column":55}},"535":{"start":{"line":536,"column":0},"end":{"line":536,"column":4}},"536":{"start":{"line":537,"column":0},"end":{"line":537,"column":0}},"537":{"start":{"line":538,"column":0},"end":{"line":538,"column":31}},"538":{"start":{"line":539,"column":0},"end":{"line":539,"column":18}},"539":{"start":{"line":540,"column":0},"end":{"line":540,"column":22}},"540":{"start":{"line":541,"column":0},"end":{"line":541,"column":4}},"541":{"start":{"line":542,"column":0},"end":{"line":542,"column":0}},"542":{"start":{"line":543,"column":0},"end":{"line":543,"column":50}},"543":{"start":{"line":544,"column":0},"end":{"line":544,"column":46}},"544":{"start":{"line":545,"column":0},"end":{"line":545,"column":39}},"545":{"start":{"line":546,"column":0},"end":{"line":546,"column":61}},"546":{"start":{"line":547,"column":0},"end":{"line":547,"column":5}},"547":{"start":{"line":548,"column":0},"end":{"line":548,"column":31}},"548":{"start":{"line":549,"column":0},"end":{"line":549,"column":3}},"549":{"start":{"line":550,"column":0},"end":{"line":550,"column":0}},"550":{"start":{"line":551,"column":0},"end":{"line":551,"column":16}},"551":{"start":{"line":552,"column":0},"end":{"line":552,"column":1}},"552":{"start":{"line":553,"column":0},"end":{"line":553,"column":0}},"553":{"start":{"line":554,"column":0},"end":{"line":554,"column":3}},"554":{"start":{"line":555,"column":0},"end":{"line":555,"column":52}},"555":{"start":{"line":556,"column":0},"end":{"line":556,"column":3}},"556":{"start":{"line":557,"column":0},"end":{"line":557,"column":76}},"557":{"start":{"line":558,"column":0},"end":{"line":558,"column":29}},"558":{"start":{"line":559,"column":0},"end":{"line":559,"column":23}},"559":{"start":{"line":560,"column":0},"end":{"line":560,"column":21}},"560":{"start":{"line":561,"column":0},"end":{"line":561,"column":17}},"561":{"start":{"line":562,"column":0},"end":{"line":562,"column":21}},"562":{"start":{"line":563,"column":0},"end":{"line":563,"column":24}},"563":{"start":{"line":564,"column":0},"end":{"line":564,"column":22}},"564":{"start":{"line":565,"column":0},"end":{"line":565,"column":20}},"565":{"start":{"line":566,"column":0},"end":{"line":566,"column":4}},"566":{"start":{"line":567,"column":0},"end":{"line":567,"column":0}},"567":{"start":{"line":568,"column":0},"end":{"line":568,"column":10}},"568":{"start":{"line":569,"column":0},"end":{"line":569,"column":32}},"569":{"start":{"line":570,"column":0},"end":{"line":570,"column":28}},"570":{"start":{"line":571,"column":0},"end":{"line":571,"column":20}},"571":{"start":{"line":572,"column":0},"end":{"line":572,"column":28}},"572":{"start":{"line":573,"column":0},"end":{"line":573,"column":34}},"573":{"start":{"line":574,"column":0},"end":{"line":574,"column":30}},"574":{"start":{"line":575,"column":0},"end":{"line":575,"column":26}},"575":{"start":{"line":576,"column":0},"end":{"line":576,"column":4}},"576":{"start":{"line":577,"column":0},"end":{"line":577,"column":1}}},"s":{"0":1,"1":1,"2":1,"3":1,"4":1,"5":1,"6":1,"7":1,"8":1,"9":1,"10":1,"11":1,"12":1,"13":1,"14":1,"15":1,"16":1,"17":1,"18":1,"19":1,"20":1,"21":1,"22":1,"23":1,"24":1,"25":1,"26":1,"27":1,"28":1,"29":1,"30":1,"31":1,"32":1,"33":1,"34":1,"35":1,"36":1,"37":1,"38":1,"39":1,"40":1,"41":1,"42":1,"43":1,"44":1,"45":1,"46":1,"47":1,"48":1,"49":1,"50":1,"51":1,"52":1,"53":1,"54":1,"55":1,"56":1,"57":1,"58":1,"59":1,"60":1,"61":1,"62":1,"63":28,"64":28,"65":28,"66":28,"67":28,"68":28,"69":1,"70":1,"71":28,"72":28,"73":1,"74":1,"75":1,"76":1,"77":1,"78":1,"79":1,"80":1,"81":1,"82":25,"83":25,"84":25,"85":25,"86":25,"87":25,"88":25,"89":25,"90":25,"91":24,"92":1,"93":23,"94":25,"95":25,"96":25,"97":25,"98":25,"99":25,"100":25,"101":25,"102":25,"103":25,"104":1,"105":1,"106":25,"107":1,"108":1,"109":1,"110":1,"111":24,"112":24,"113":25,"114":1,"115":1,"116":24,"117":24,"118":25,"119":1,"120":1,"121":1,"122":1,"123":1,"124":1,"125":1,"126":1,"127":1,"128":3,"129":3,"130":3,"131":3,"132":3,"133":3,"134":3,"135":3,"136":3,"137":3,"138":1,"139":1,"140":2,"141":2,"142":3,"143":1,"144":1,"145":1,"146":1,"147":1,"148":8,"149":8,"150":1,"151":1,"152":1,"153":1,"154":1,"155":2,"156":2,"157":1,"158":1,"159":1,"160":1,"161":1,"162":26,"163":26,"164":26,"165":1,"166":1,"167":1,"168":1,"169":1,"170":1,"171":1,"172":1,"173":1,"174":10,"175":1,"176":1,"177":9,"178":9,"179":9,"180":10,"181":10,"182":10,"183":10,"184":9,"185":9,"186":9,"187":9,"188":9,"189":7,"190":7,"191":7,"192":2,"193":2,"194":9,"195":0,"196":0,"197":9,"198":9,"199":10,"200":10,"201":1,"202":1,"203":1,"204":1,"205":1,"206":1,"207":1,"208":1,"209":1,"210":7,"211":1,"212":1,"213":6,"214":6,"215":6,"216":6,"217":7,"218":7,"219":7,"220":7,"221":7,"222":12,"223":12,"224":12,"225":12,"226":12,"227":12,"228":12,"229":12,"230":12,"231":12,"232":12,"233":6,"234":6,"235":12,"236":0,"237":0,"238":6,"239":6,"240":7,"241":1,"242":1,"243":1,"244":1,"245":1,"246":1,"247":1,"248":1,"249":1,"250":2,"251":1,"252":1,"253":1,"254":1,"255":1,"256":3,"257":3,"258":1,"259":1,"260":1,"261":1,"262":1,"263":1,"264":1,"265":1,"266":1,"267":0,"268":0,"269":0,"270":1,"271":1,"272":1,"273":1,"274":1,"275":0,"276":0,"277":1,"278":1,"279":1,"280":2,"281":1,"282":1,"283":1,"284":1,"285":1,"286":5,"287":5,"288":5,"289":5,"290":5,"291":5,"292":5,"293":5,"294":5,"295":5,"296":5,"297":5,"298":5,"299":5,"300":5,"301":5,"302":0,"303":0,"304":5,"305":5,"306":5,"307":0,"308":0,"309":0,"310":0,"311":0,"312":0,"313":0,"314":0,"315":0,"316":0,"317":0,"318":0,"319":0,"320":0,"321":0,"322":0,"323":0,"324":0,"325":0,"326":0,"327":0,"328":0,"329":0,"330":0,"331":0,"332":0,"333":0,"334":0,"335":0,"336":0,"337":0,"338":0,"339":5,"340":1,"341":1,"342":1,"343":1,"344":1,"345":6,"346":6,"347":6,"348":6,"349":6,"350":6,"351":6,"352":6,"353":6,"354":1,"355":1,"356":6,"357":1,"358":1,"359":6,"360":1,"361":1,"362":6,"363":1,"364":1,"365":6,"366":1,"367":1,"368":1,"369":1,"370":6,"371":1,"372":1,"373":1,"374":1,"375":1,"376":7,"377":7,"378":7,"379":7,"380":7,"381":7,"382":7,"383":7,"384":7,"385":2,"386":2,"387":7,"388":1,"389":1,"390":7,"391":1,"392":1,"393":7,"394":1,"395":1,"396":7,"397":1,"398":1,"399":7,"400":7,"401":1,"402":1,"403":1,"404":1,"405":1,"406":1,"407":15,"408":2,"409":2,"410":13,"411":13,"412":13,"413":15,"414":1,"415":1,"416":15,"417":5,"418":5,"419":15,"420":1,"421":1,"422":15,"423":3,"424":3,"425":15,"426":1,"427":1,"428":15,"429":1,"430":1,"431":1,"432":1,"433":1,"434":1,"435":1,"436":1,"437":1,"438":1,"439":3,"440":3,"441":3,"442":3,"443":2,"444":3,"445":3,"446":2,"447":3,"448":3,"449":3,"450":1,"451":1,"452":1,"453":1,"454":1,"455":5,"456":5,"457":5,"458":5,"459":5,"460":5,"461":5,"462":5,"463":4,"464":1,"465":1,"466":4,"467":5,"468":5,"469":5,"470":5,"471":5,"472":5,"473":5,"474":1,"475":1,"476":1,"477":1,"478":1,"479":3,"480":3,"481":3,"482":3,"483":3,"484":3,"485":3,"486":3,"487":3,"488":3,"489":2,"490":1,"491":1,"492":2,"493":3,"494":3,"495":3,"496":3,"497":3,"498":3,"499":3,"500":3,"501":3,"502":1,"503":1,"504":1,"505":1,"506":1,"507":2,"508":2,"509":2,"510":2,"511":2,"512":2,"513":1,"514":2,"515":2,"516":2,"517":2,"518":1,"519":1,"520":2,"521":2,"522":1,"523":2,"524":2,"525":2,"526":1,"527":1,"528":1,"529":1,"530":1,"531":3,"532":3,"533":3,"534":3,"535":3,"536":3,"537":3,"538":3,"539":3,"540":3,"541":3,"542":3,"543":1,"544":1,"545":1,"546":1,"547":1,"548":1,"549":3,"550":3,"551":3,"552":1,"553":1,"554":1,"555":1,"556":1,"557":2,"558":2,"559":2,"560":2,"561":2,"562":2,"563":2,"564":2,"565":2,"566":2,"567":2,"568":2,"569":2,"570":2,"571":2,"572":2,"573":2,"574":2,"575":2,"576":2},"branchMap":{"0":{"type":"branch","line":63,"loc":{"start":{"line":63,"column":10},"end":{"line":69,"column":52}},"locations":[{"start":{"line":63,"column":10},"end":{"line":69,"column":52}}]},"1":{"type":"branch","line":71,"loc":{"start":{"line":71,"column":10},"end":{"line":73,"column":3}},"locations":[{"start":{"line":71,"column":10},"end":{"line":73,"column":3}}]},"2":{"type":"branch","line":82,"loc":{"start":{"line":82,"column":2},"end":{"line":119,"column":3}},"locations":[{"start":{"line":82,"column":2},"end":{"line":119,"column":3}}]},"3":{"type":"branch","line":91,"loc":{"start":{"line":91,"column":36},"end":{"line":92,"column":37}},"locations":[{"start":{"line":91,"column":36},"end":{"line":92,"column":37}}]},"4":{"type":"branch","line":92,"loc":{"start":{"line":92,"column":34},"end":{"line":93,"column":38}},"locations":[{"start":{"line":92,"column":34},"end":{"line":93,"column":38}}]},"5":{"type":"branch","line":93,"loc":{"start":{"line":93,"column":37},"end":{"line":94,"column":44}},"locations":[{"start":{"line":93,"column":37},"end":{"line":94,"column":44}}]},"6":{"type":"branch","line":104,"loc":{"start":{"line":104,"column":26},"end":{"line":106,"column":7}},"locations":[{"start":{"line":104,"column":26},"end":{"line":106,"column":7}}]},"7":{"type":"branch","line":106,"loc":{"start":{"line":106,"column":6},"end":{"line":107,"column":28}},"locations":[{"start":{"line":106,"column":6},"end":{"line":107,"column":28}}]},"8":{"type":"branch","line":107,"loc":{"start":{"line":107,"column":28},"end":{"line":111,"column":7}},"locations":[{"start":{"line":107,"column":28},"end":{"line":111,"column":7}}]},"9":{"type":"branch","line":111,"loc":{"start":{"line":111,"column":6},"end":{"line":114,"column":13}},"locations":[{"start":{"line":111,"column":6},"end":{"line":114,"column":13}}]},"10":{"type":"branch","line":114,"loc":{"start":{"line":114,"column":4},"end":{"line":116,"column":5}},"locations":[{"start":{"line":114,"column":4},"end":{"line":116,"column":5}}]},"11":{"type":"branch","line":116,"loc":{"start":{"line":116,"column":4},"end":{"line":118,"column":18}},"locations":[{"start":{"line":116,"column":4},"end":{"line":118,"column":18}}]},"12":{"type":"branch","line":128,"loc":{"start":{"line":128,"column":2},"end":{"line":143,"column":3}},"locations":[{"start":{"line":128,"column":2},"end":{"line":143,"column":3}}]},"13":{"type":"branch","line":138,"loc":{"start":{"line":138,"column":4},"end":{"line":140,"column":5}},"locations":[{"start":{"line":138,"column":4},"end":{"line":140,"column":5}}]},"14":{"type":"branch","line":140,"loc":{"start":{"line":140,"column":4},"end":{"line":142,"column":18}},"locations":[{"start":{"line":140,"column":4},"end":{"line":142,"column":18}}]},"15":{"type":"branch","line":148,"loc":{"start":{"line":148,"column":2},"end":{"line":150,"column":3}},"locations":[{"start":{"line":148,"column":2},"end":{"line":150,"column":3}}]},"16":{"type":"branch","line":155,"loc":{"start":{"line":155,"column":2},"end":{"line":157,"column":3}},"locations":[{"start":{"line":155,"column":2},"end":{"line":157,"column":3}}]},"17":{"type":"branch","line":162,"loc":{"start":{"line":162,"column":2},"end":{"line":165,"column":3}},"locations":[{"start":{"line":162,"column":2},"end":{"line":165,"column":3}}]},"18":{"type":"branch","line":174,"loc":{"start":{"line":174,"column":2},"end":{"line":201,"column":3}},"locations":[{"start":{"line":174,"column":2},"end":{"line":201,"column":3}}]},"19":{"type":"branch","line":175,"loc":{"start":{"line":175,"column":14},"end":{"line":175,"column":45}},"locations":[{"start":{"line":175,"column":14},"end":{"line":175,"column":45}}]},"20":{"type":"branch","line":175,"loc":{"start":{"line":175,"column":45},"end":{"line":177,"column":5}},"locations":[{"start":{"line":175,"column":45},"end":{"line":177,"column":5}}]},"21":{"type":"branch","line":177,"loc":{"start":{"line":177,"column":4},"end":{"line":181,"column":36}},"locations":[{"start":{"line":177,"column":4},"end":{"line":181,"column":36}}]},"22":{"type":"branch","line":181,"loc":{"start":{"line":181,"column":24},"end":{"line":181,"column":39}},"locations":[{"start":{"line":181,"column":24},"end":{"line":181,"column":39}}]},"23":{"type":"branch","line":184,"loc":{"start":{"line":184,"column":23},"end":{"line":200,"column":5}},"locations":[{"start":{"line":184,"column":23},"end":{"line":200,"column":5}}]},"24":{"type":"branch","line":188,"loc":{"start":{"line":188,"column":8},"end":{"line":198,"column":9}},"locations":[{"start":{"line":188,"column":8},"end":{"line":198,"column":9}}]},"25":{"type":"branch","line":189,"loc":{"start":{"line":189,"column":19},"end":{"line":192,"column":11}},"locations":[{"start":{"line":189,"column":19},"end":{"line":192,"column":11}}]},"26":{"type":"branch","line":192,"loc":{"start":{"line":192,"column":10},"end":{"line":195,"column":19}},"locations":[{"start":{"line":192,"column":10},"end":{"line":195,"column":19}}]},"27":{"type":"branch","line":195,"loc":{"start":{"line":195,"column":10},"end":{"line":197,"column":11}},"locations":[{"start":{"line":195,"column":10},"end":{"line":197,"column":11}}]},"28":{"type":"branch","line":210,"loc":{"start":{"line":210,"column":2},"end":{"line":241,"column":3}},"locations":[{"start":{"line":210,"column":2},"end":{"line":241,"column":3}}]},"29":{"type":"branch","line":211,"loc":{"start":{"line":211,"column":14},"end":{"line":211,"column":45}},"locations":[{"start":{"line":211,"column":14},"end":{"line":211,"column":45}}]},"30":{"type":"branch","line":211,"loc":{"start":{"line":211,"column":45},"end":{"line":213,"column":5}},"locations":[{"start":{"line":211,"column":45},"end":{"line":213,"column":5}}]},"31":{"type":"branch","line":213,"loc":{"start":{"line":213,"column":4},"end":{"line":217,"column":39}},"locations":[{"start":{"line":213,"column":4},"end":{"line":217,"column":39}}]},"32":{"type":"branch","line":222,"loc":{"start":{"line":222,"column":64},"end":{"line":240,"column":5}},"locations":[{"start":{"line":222,"column":64},"end":{"line":240,"column":5}}]},"33":{"type":"branch","line":233,"loc":{"start":{"line":233,"column":21},"end":{"line":236,"column":19}},"locations":[{"start":{"line":233,"column":21},"end":{"line":236,"column":19}}]},"34":{"type":"branch","line":236,"loc":{"start":{"line":236,"column":19},"end":{"line":238,"column":7}},"locations":[{"start":{"line":236,"column":19},"end":{"line":238,"column":7}}]},"35":{"type":"branch","line":238,"loc":{"start":{"line":238,"column":6},"end":{"line":240,"column":5}},"locations":[{"start":{"line":238,"column":6},"end":{"line":240,"column":5}}]},"36":{"type":"branch","line":240,"loc":{"start":{"line":240,"column":4},"end":{"line":240,"column":5}},"locations":[{"start":{"line":240,"column":4},"end":{"line":240,"column":5}}]},"37":{"type":"branch","line":250,"loc":{"start":{"line":250,"column":2},"end":{"line":281,"column":3}},"locations":[{"start":{"line":250,"column":2},"end":{"line":281,"column":3}}]},"38":{"type":"branch","line":251,"loc":{"start":{"line":251,"column":14},"end":{"line":251,"column":45}},"locations":[{"start":{"line":251,"column":14},"end":{"line":251,"column":45}}]},"39":{"type":"branch","line":251,"loc":{"start":{"line":251,"column":45},"end":{"line":280,"column":7}},"locations":[{"start":{"line":251,"column":45},"end":{"line":280,"column":7}}]},"40":{"type":"branch","line":256,"loc":{"start":{"line":256,"column":27},"end":{"line":259,"column":8}},"locations":[{"start":{"line":256,"column":27},"end":{"line":259,"column":8}}]},"41":{"type":"branch","line":262,"loc":{"start":{"line":262,"column":23},"end":{"line":280,"column":5}},"locations":[{"start":{"line":262,"column":23},"end":{"line":280,"column":5}}]},"42":{"type":"branch","line":266,"loc":{"start":{"line":266,"column":8},"end":{"line":278,"column":9}},"locations":[{"start":{"line":266,"column":8},"end":{"line":278,"column":9}}]},"43":{"type":"branch","line":267,"loc":{"start":{"line":267,"column":19},"end":{"line":270,"column":11}},"locations":[{"start":{"line":267,"column":19},"end":{"line":270,"column":11}}]},"44":{"type":"branch","line":273,"loc":{"start":{"line":273,"column":31},"end":{"line":273,"column":46}},"locations":[{"start":{"line":273,"column":31},"end":{"line":273,"column":46}}]},"45":{"type":"branch","line":275,"loc":{"start":{"line":275,"column":10},"end":{"line":277,"column":11}},"locations":[{"start":{"line":275,"column":10},"end":{"line":277,"column":11}}]},"46":{"type":"branch","line":273,"loc":{"start":{"line":273,"column":50},"end":{"line":273,"column":89}},"locations":[{"start":{"line":273,"column":50},"end":{"line":273,"column":89}}]},"47":{"type":"branch","line":286,"loc":{"start":{"line":286,"column":10},"end":{"line":340,"column":3}},"locations":[{"start":{"line":286,"column":10},"end":{"line":340,"column":3}}]},"48":{"type":"branch","line":302,"loc":{"start":{"line":302,"column":17},"end":{"line":304,"column":5}},"locations":[{"start":{"line":302,"column":17},"end":{"line":304,"column":5}}]},"49":{"type":"branch","line":307,"loc":{"start":{"line":307,"column":4},"end":{"line":339,"column":29}},"locations":[{"start":{"line":307,"column":4},"end":{"line":339,"column":29}}]},"50":{"type":"branch","line":345,"loc":{"start":{"line":345,"column":10},"end":{"line":371,"column":3}},"locations":[{"start":{"line":345,"column":10},"end":{"line":371,"column":3}}]},"51":{"type":"branch","line":354,"loc":{"start":{"line":354,"column":10},"end":{"line":354,"column":20}},"locations":[{"start":{"line":354,"column":10},"end":{"line":354,"column":20}}]},"52":{"type":"branch","line":354,"loc":{"start":{"line":354,"column":20},"end":{"line":356,"column":5}},"locations":[{"start":{"line":354,"column":20},"end":{"line":356,"column":5}}]},"53":{"type":"branch","line":356,"loc":{"start":{"line":356,"column":4},"end":{"line":357,"column":16}},"locations":[{"start":{"line":356,"column":4},"end":{"line":357,"column":16}}]},"54":{"type":"branch","line":357,"loc":{"start":{"line":357,"column":10},"end":{"line":357,"column":22}},"locations":[{"start":{"line":357,"column":10},"end":{"line":357,"column":22}}]},"55":{"type":"branch","line":357,"loc":{"start":{"line":357,"column":22},"end":{"line":359,"column":5}},"locations":[{"start":{"line":357,"column":22},"end":{"line":359,"column":5}}]},"56":{"type":"branch","line":359,"loc":{"start":{"line":359,"column":4},"end":{"line":360,"column":16}},"locations":[{"start":{"line":359,"column":4},"end":{"line":360,"column":16}}]},"57":{"type":"branch","line":360,"loc":{"start":{"line":360,"column":10},"end":{"line":360,"column":22}},"locations":[{"start":{"line":360,"column":10},"end":{"line":360,"column":22}}]},"58":{"type":"branch","line":360,"loc":{"start":{"line":360,"column":22},"end":{"line":362,"column":5}},"locations":[{"start":{"line":360,"column":22},"end":{"line":362,"column":5}}]},"59":{"type":"branch","line":362,"loc":{"start":{"line":362,"column":4},"end":{"line":363,"column":23}},"locations":[{"start":{"line":362,"column":4},"end":{"line":363,"column":23}}]},"60":{"type":"branch","line":363,"loc":{"start":{"line":363,"column":10},"end":{"line":363,"column":29}},"locations":[{"start":{"line":363,"column":10},"end":{"line":363,"column":29}}]},"61":{"type":"branch","line":363,"loc":{"start":{"line":363,"column":29},"end":{"line":365,"column":5}},"locations":[{"start":{"line":363,"column":29},"end":{"line":365,"column":5}}]},"62":{"type":"branch","line":365,"loc":{"start":{"line":365,"column":4},"end":{"line":366,"column":20}},"locations":[{"start":{"line":365,"column":4},"end":{"line":366,"column":20}}]},"63":{"type":"branch","line":366,"loc":{"start":{"line":366,"column":20},"end":{"line":370,"column":29}},"locations":[{"start":{"line":366,"column":20},"end":{"line":370,"column":29}}]},"64":{"type":"branch","line":376,"loc":{"start":{"line":376,"column":10},"end":{"line":401,"column":3}},"locations":[{"start":{"line":376,"column":10},"end":{"line":401,"column":3}}]},"65":{"type":"branch","line":385,"loc":{"start":{"line":385,"column":34},"end":{"line":387,"column":5}},"locations":[{"start":{"line":385,"column":34},"end":{"line":387,"column":5}}]},"66":{"type":"branch","line":386,"loc":{"start":{"line":386,"column":41},"end":{"line":386,"column":75}},"locations":[{"start":{"line":386,"column":41},"end":{"line":386,"column":75}}]},"67":{"type":"branch","line":387,"loc":{"start":{"line":387,"column":4},"end":{"line":388,"column":36}},"locations":[{"start":{"line":387,"column":4},"end":{"line":388,"column":36}}]},"68":{"type":"branch","line":388,"loc":{"start":{"line":388,"column":36},"end":{"line":390,"column":5}},"locations":[{"start":{"line":388,"column":36},"end":{"line":390,"column":5}}]},"69":{"type":"branch","line":389,"loc":{"start":{"line":389,"column":43},"end":{"line":389,"column":73}},"locations":[{"start":{"line":389,"column":43},"end":{"line":389,"column":73}}]},"70":{"type":"branch","line":390,"loc":{"start":{"line":390,"column":4},"end":{"line":391,"column":28}},"locations":[{"start":{"line":390,"column":4},"end":{"line":391,"column":28}}]},"71":{"type":"branch","line":391,"loc":{"start":{"line":391,"column":28},"end":{"line":393,"column":5}},"locations":[{"start":{"line":391,"column":28},"end":{"line":393,"column":5}}]},"72":{"type":"branch","line":392,"loc":{"start":{"line":392,"column":35},"end":{"line":392,"column":57}},"locations":[{"start":{"line":392,"column":35},"end":{"line":392,"column":57}}]},"73":{"type":"branch","line":393,"loc":{"start":{"line":393,"column":4},"end":{"line":394,"column":35}},"locations":[{"start":{"line":393,"column":4},"end":{"line":394,"column":35}}]},"74":{"type":"branch","line":394,"loc":{"start":{"line":394,"column":35},"end":{"line":396,"column":5}},"locations":[{"start":{"line":394,"column":35},"end":{"line":396,"column":5}}]},"75":{"type":"branch","line":395,"loc":{"start":{"line":395,"column":42},"end":{"line":395,"column":71}},"locations":[{"start":{"line":395,"column":42},"end":{"line":395,"column":71}}]},"76":{"type":"branch","line":396,"loc":{"start":{"line":396,"column":4},"end":{"line":397,"column":30}},"locations":[{"start":{"line":396,"column":4},"end":{"line":397,"column":30}}]},"77":{"type":"branch","line":397,"loc":{"start":{"line":397,"column":30},"end":{"line":400,"column":44}},"locations":[{"start":{"line":397,"column":30},"end":{"line":400,"column":44}}]},"78":{"type":"branch","line":398,"loc":{"start":{"line":398,"column":37},"end":{"line":398,"column":69}},"locations":[{"start":{"line":398,"column":37},"end":{"line":398,"column":69}}]},"79":{"type":"branch","line":400,"loc":{"start":{"line":400,"column":33},"end":{"line":400,"column":59}},"locations":[{"start":{"line":400,"column":33},"end":{"line":400,"column":59}}]},"80":{"type":"branch","line":400,"loc":{"start":{"line":400,"column":48},"end":{"line":400,"column":75}},"locations":[{"start":{"line":400,"column":48},"end":{"line":400,"column":75}}]},"81":{"type":"branch","line":407,"loc":{"start":{"line":407,"column":7},"end":{"line":434,"column":1}},"locations":[{"start":{"line":407,"column":7},"end":{"line":434,"column":1}}]},"82":{"type":"branch","line":408,"loc":{"start":{"line":408,"column":21},"end":{"line":408,"column":55}},"locations":[{"start":{"line":408,"column":21},"end":{"line":408,"column":55}}]},"83":{"type":"branch","line":408,"loc":{"start":{"line":408,"column":55},"end":{"line":410,"column":3}},"locations":[{"start":{"line":408,"column":55},"end":{"line":410,"column":3}}]},"84":{"type":"branch","line":410,"loc":{"start":{"line":410,"column":2},"end":{"line":414,"column":24}},"locations":[{"start":{"line":410,"column":2},"end":{"line":414,"column":24}}]},"85":{"type":"branch","line":414,"loc":{"start":{"line":414,"column":24},"end":{"line":416,"column":3}},"locations":[{"start":{"line":414,"column":24},"end":{"line":416,"column":3}}]},"86":{"type":"branch","line":416,"loc":{"start":{"line":416,"column":2},"end":{"line":417,"column":25}},"locations":[{"start":{"line":416,"column":2},"end":{"line":417,"column":25}}]},"87":{"type":"branch","line":417,"loc":{"start":{"line":417,"column":20},"end":{"line":417,"column":57}},"locations":[{"start":{"line":417,"column":20},"end":{"line":417,"column":57}}]},"88":{"type":"branch","line":417,"loc":{"start":{"line":417,"column":57},"end":{"line":419,"column":3}},"locations":[{"start":{"line":417,"column":57},"end":{"line":419,"column":3}}]},"89":{"type":"branch","line":419,"loc":{"start":{"line":419,"column":2},"end":{"line":420,"column":27}},"locations":[{"start":{"line":419,"column":2},"end":{"line":420,"column":27}}]},"90":{"type":"branch","line":420,"loc":{"start":{"line":420,"column":22},"end":{"line":420,"column":61}},"locations":[{"start":{"line":420,"column":22},"end":{"line":420,"column":61}}]},"91":{"type":"branch","line":420,"loc":{"start":{"line":420,"column":61},"end":{"line":422,"column":3}},"locations":[{"start":{"line":420,"column":61},"end":{"line":422,"column":3}}]},"92":{"type":"branch","line":422,"loc":{"start":{"line":422,"column":2},"end":{"line":423,"column":28}},"locations":[{"start":{"line":422,"column":2},"end":{"line":423,"column":28}}]},"93":{"type":"branch","line":423,"loc":{"start":{"line":423,"column":23},"end":{"line":423,"column":63}},"locations":[{"start":{"line":423,"column":23},"end":{"line":423,"column":63}}]},"94":{"type":"branch","line":423,"loc":{"start":{"line":423,"column":63},"end":{"line":426,"column":26}},"locations":[{"start":{"line":423,"column":63},"end":{"line":426,"column":26}}]},"95":{"type":"branch","line":426,"loc":{"start":{"line":426,"column":21},"end":{"line":426,"column":60}},"locations":[{"start":{"line":426,"column":21},"end":{"line":426,"column":60}}]},"96":{"type":"branch","line":426,"loc":{"start":{"line":426,"column":60},"end":{"line":428,"column":3}},"locations":[{"start":{"line":426,"column":60},"end":{"line":428,"column":3}}]},"97":{"type":"branch","line":428,"loc":{"start":{"line":428,"column":2},"end":{"line":429,"column":27}},"locations":[{"start":{"line":428,"column":2},"end":{"line":429,"column":27}}]},"98":{"type":"branch","line":429,"loc":{"start":{"line":429,"column":22},"end":{"line":429,"column":63}},"locations":[{"start":{"line":429,"column":22},"end":{"line":429,"column":63}}]},"99":{"type":"branch","line":429,"loc":{"start":{"line":429,"column":63},"end":{"line":434,"column":1}},"locations":[{"start":{"line":429,"column":63},"end":{"line":434,"column":1}}]},"100":{"type":"branch","line":439,"loc":{"start":{"line":439,"column":7},"end":{"line":450,"column":1}},"locations":[{"start":{"line":439,"column":7},"end":{"line":450,"column":1}}]},"101":{"type":"branch","line":443,"loc":{"start":{"line":443,"column":19},"end":{"line":447,"column":3}},"locations":[{"start":{"line":443,"column":19},"end":{"line":447,"column":3}}]},"102":{"type":"branch","line":444,"loc":{"start":{"line":444,"column":35},"end":{"line":446,"column":5}},"locations":[{"start":{"line":444,"column":35},"end":{"line":446,"column":5}}]},"103":{"type":"branch","line":455,"loc":{"start":{"line":455,"column":7},"end":{"line":474,"column":1}},"locations":[{"start":{"line":455,"column":7},"end":{"line":474,"column":1}}]},"104":{"type":"branch","line":463,"loc":{"start":{"line":463,"column":23},"end":{"line":467,"column":3}},"locations":[{"start":{"line":463,"column":23},"end":{"line":467,"column":3}}]},"105":{"type":"branch","line":464,"loc":{"start":{"line":464,"column":40},"end":{"line":466,"column":5}},"locations":[{"start":{"line":464,"column":40},"end":{"line":466,"column":5}}]},"106":{"type":"branch","line":479,"loc":{"start":{"line":479,"column":7},"end":{"line":502,"column":1}},"locations":[{"start":{"line":479,"column":7},"end":{"line":502,"column":1}}]},"107":{"type":"branch","line":489,"loc":{"start":{"line":489,"column":23},"end":{"line":493,"column":3}},"locations":[{"start":{"line":489,"column":23},"end":{"line":493,"column":3}}]},"108":{"type":"branch","line":490,"loc":{"start":{"line":490,"column":40},"end":{"line":492,"column":5}},"locations":[{"start":{"line":490,"column":40},"end":{"line":492,"column":5}}]},"109":{"type":"branch","line":507,"loc":{"start":{"line":507,"column":7},"end":{"line":526,"column":1}},"locations":[{"start":{"line":507,"column":7},"end":{"line":526,"column":1}}]},"110":{"type":"branch","line":513,"loc":{"start":{"line":513,"column":21},"end":{"line":523,"column":3}},"locations":[{"start":{"line":513,"column":21},"end":{"line":523,"column":3}}]},"111":{"type":"branch","line":514,"loc":{"start":{"line":514,"column":37},"end":{"line":522,"column":5}},"locations":[{"start":{"line":514,"column":37},"end":{"line":522,"column":5}}]},"112":{"type":"branch","line":518,"loc":{"start":{"line":518,"column":20},"end":{"line":520,"column":7}},"locations":[{"start":{"line":518,"column":20},"end":{"line":520,"column":7}}]},"113":{"type":"branch","line":531,"loc":{"start":{"line":531,"column":7},"end":{"line":552,"column":1}},"locations":[{"start":{"line":531,"column":7},"end":{"line":552,"column":1}}]},"114":{"type":"branch","line":543,"loc":{"start":{"line":543,"column":11},"end":{"line":543,"column":49}},"locations":[{"start":{"line":543,"column":11},"end":{"line":543,"column":49}}]},"115":{"type":"branch","line":543,"loc":{"start":{"line":543,"column":49},"end":{"line":549,"column":3}},"locations":[{"start":{"line":543,"column":49},"end":{"line":549,"column":3}}]},"116":{"type":"branch","line":557,"loc":{"start":{"line":557,"column":7},"end":{"line":577,"column":1}},"locations":[{"start":{"line":557,"column":7},"end":{"line":577,"column":1}}]},"117":{"type":"branch","line":575,"loc":{"start":{"line":575,"column":15},"end":{"line":575,"column":26}},"locations":[{"start":{"line":575,"column":15},"end":{"line":575,"column":26}}]}},"b":{"0":[28],"1":[28],"2":[25],"3":[24],"4":[1],"5":[23],"6":[1],"7":[24],"8":[1],"9":[24],"10":[1],"11":[24],"12":[3],"13":[1],"14":[2],"15":[8],"16":[2],"17":[26],"18":[10],"19":[9],"20":[1],"21":[9],"22":[8],"23":[9],"24":[9],"25":[7],"26":[2],"27":[0],"28":[7],"29":[6],"30":[1],"31":[6],"32":[12],"33":[6],"34":[0],"35":[6],"36":[6],"37":[2],"38":[1],"39":[1],"40":[3],"41":[1],"42":[1],"43":[0],"44":[0],"45":[0],"46":[3],"47":[5],"48":[0],"49":[0],"50":[6],"51":[1],"52":[1],"53":[5],"54":[1],"55":[1],"56":[4],"57":[1],"58":[1],"59":[3],"60":[1],"61":[1],"62":[2],"63":[1],"64":[7],"65":[2],"66":[1],"67":[5],"68":[1],"69":[0],"70":[4],"71":[1],"72":[0],"73":[3],"74":[1],"75":[0],"76":[2],"77":[1],"78":[0],"79":[0],"80":[0],"81":[15],"82":[14],"83":[2],"84":[13],"85":[1],"86":[12],"87":[5],"88":[5],"89":[7],"90":[1],"91":[1],"92":[6],"93":[3],"94":[3],"95":[1],"96":[1],"97":[2],"98":[1],"99":[1],"100":[3],"101":[2],"102":[3],"103":[5],"104":[4],"105":[1],"106":[3],"107":[2],"108":[1],"109":[2],"110":[1],"111":[2],"112":[1],"113":[3],"114":[1],"115":[1],"116":[2],"117":[1]},"fnMap":{"0":{"name":"<instance_members_initializer>","decl":{"start":{"line":63,"column":10},"end":{"line":69,"column":52}},"loc":{"start":{"line":63,"column":10},"end":{"line":69,"column":52}},"line":63},"1":{"name":"NeumannClient","decl":{"start":{"line":71,"column":10},"end":{"line":73,"column":3}},"loc":{"start":{"line":71,"column":10},"end":{"line":73,"column":3}},"line":71},"2":{"name":"connect","decl":{"start":{"line":82,"column":2},"end":{"line":119,"column":3}},"loc":{"start":{"line":82,"column":2},"end":{"line":119,"column":3}},"line":82},"3":{"name":"connectWeb","decl":{"start":{"line":128,"column":2},"end":{"line":143,"column":3}},"loc":{"start":{"line":128,"column":2},"end":{"line":143,"column":3}},"line":128},"4":{"name":"get isConnected","decl":{"start":{"line":148,"column":2},"end":{"line":150,"column":3}},"loc":{"start":{"line":148,"column":2},"end":{"line":150,"column":3}},"line":148},"5":{"name":"get clientMode","decl":{"start":{"line":155,"column":2},"end":{"line":157,"column":3}},"loc":{"start":{"line":155,"column":2},"end":{"line":157,"column":3}},"line":155},"6":{"name":"close","decl":{"start":{"line":162,"column":2},"end":{"line":165,"column":3}},"loc":{"start":{"line":162,"column":2},"end":{"line":165,"column":3}},"line":162},"7":{"name":"execute","decl":{"start":{"line":174,"column":2},"end":{"line":201,"column":3}},"loc":{"start":{"line":174,"column":2},"end":{"line":201,"column":3}},"line":174},"8":{"name":"executeStream","decl":{"start":{"line":210,"column":2},"end":{"line":241,"column":3}},"loc":{"start":{"line":210,"column":2},"end":{"line":241,"column":3}},"line":210},"9":{"name":"executeBatch","decl":{"start":{"line":250,"column":2},"end":{"line":281,"column":3}},"loc":{"start":{"line":250,"column":2},"end":{"line":281,"column":3}},"line":250},"10":{"name":"convertProtoResponse","decl":{"start":{"line":286,"column":10},"end":{"line":340,"column":3}},"loc":{"start":{"line":286,"column":10},"end":{"line":340,"column":3}},"line":286},"11":{"name":"convertProtoChunk","decl":{"start":{"line":345,"column":10},"end":{"line":371,"column":3}},"loc":{"start":{"line":345,"column":10},"end":{"line":371,"column":3}},"line":345},"12":{"name":"handleGrpcError","decl":{"start":{"line":376,"column":10},"end":{"line":401,"column":3}},"loc":{"start":{"line":376,"column":10},"end":{"line":401,"column":3}},"line":376},"13":{"name":"convertProtoValue","decl":{"start":{"line":407,"column":7},"end":{"line":434,"column":1}},"loc":{"start":{"line":407,"column":7},"end":{"line":434,"column":1}},"line":407},"14":{"name":"convertProtoRow","decl":{"start":{"line":439,"column":7},"end":{"line":450,"column":1}},"loc":{"start":{"line":439,"column":7},"end":{"line":450,"column":1}},"line":439},"15":{"name":"convertProtoNode","decl":{"start":{"line":455,"column":7},"end":{"line":474,"column":1}},"loc":{"start":{"line":455,"column":7},"end":{"line":474,"column":1}},"line":455},"16":{"name":"convertProtoEdge","decl":{"start":{"line":479,"column":7},"end":{"line":502,"column":1}},"loc":{"start":{"line":479,"column":7},"end":{"line":502,"column":1}},"line":479},"17":{"name":"convertProtoPath","decl":{"start":{"line":507,"column":7},"end":{"line":526,"column":1}},"loc":{"start":{"line":507,"column":7},"end":{"line":526,"column":1}},"line":507},"18":{"name":"convertProtoSimilarItem","decl":{"start":{"line":531,"column":7},"end":{"line":552,"column":1}},"loc":{"start":{"line":531,"column":7},"end":{"line":552,"column":1}},"line":531},"19":{"name":"convertProtoArtifactInfo","decl":{"start":{"line":557,"column":7},"end":{"line":577,"column":1}},"loc":{"start":{"line":557,"column":7},"end":{"line":577,"column":1}},"line":557}},"f":{"0":28,"1":28,"2":25,"3":3,"4":8,"5":2,"6":26,"7":10,"8":7,"9":2,"10":5,"11":6,"12":7,"13":15,"14":3,"15":5,"16":3,"17":2,"18":3,"19":2}}
,"/Users/lukin/Neumann/neumann-ts/src/types/errors.ts": {"path":"/Users/lukin/Neumann/neumann-ts/src/types/errors.ts","all":false,"statementMap":{"0":{"start":{"line":1,"column":0},"end":{"line":1,"column":31}},"1":{"start":{"line":2,"column":0},"end":{"line":2,"column":3}},"2":{"start":{"line":3,"column":0},"end":{"line":3,"column":39}},"3":{"start":{"line":4,"column":0},"end":{"line":4,"column":3}},"4":{"start":{"line":5,"column":0},"end":{"line":5,"column":23}},"5":{"start":{"line":6,"column":0},"end":{"line":6,"column":14}},"6":{"start":{"line":7,"column":0},"end":{"line":7,"column":23}},"7":{"start":{"line":8,"column":0},"end":{"line":8,"column":16}},"8":{"start":{"line":9,"column":0},"end":{"line":9,"column":24}},"9":{"start":{"line":10,"column":0},"end":{"line":10,"column":21}},"10":{"start":{"line":11,"column":0},"end":{"line":11,"column":22}},"11":{"start":{"line":12,"column":0},"end":{"line":12,"column":18}},"12":{"start":{"line":13,"column":0},"end":{"line":13,"column":15}},"13":{"start":{"line":14,"column":0},"end":{"line":14,"column":18}},"14":{"start":{"line":15,"column":0},"end":{"line":15,"column":18}},"15":{"start":{"line":16,"column":0},"end":{"line":16,"column":1}},"16":{"start":{"line":17,"column":0},"end":{"line":17,"column":0}},"17":{"start":{"line":18,"column":0},"end":{"line":18,"column":3}},"18":{"start":{"line":19,"column":0},"end":{"line":19,"column":43}},"19":{"start":{"line":20,"column":0},"end":{"line":20,"column":3}},"20":{"start":{"line":21,"column":0},"end":{"line":21,"column":41}},"21":{"start":{"line":22,"column":0},"end":{"line":22,"column":27}},"22":{"start":{"line":23,"column":0},"end":{"line":23,"column":0}},"23":{"start":{"line":24,"column":0},"end":{"line":24,"column":69}},"24":{"start":{"line":25,"column":0},"end":{"line":25,"column":19}},"25":{"start":{"line":26,"column":0},"end":{"line":26,"column":31}},"26":{"start":{"line":27,"column":0},"end":{"line":27,"column":21}},"27":{"start":{"line":28,"column":0},"end":{"line":28,"column":56}},"28":{"start":{"line":29,"column":0},"end":{"line":29,"column":3}},"29":{"start":{"line":30,"column":0},"end":{"line":30,"column":0}},"30":{"start":{"line":31,"column":0},"end":{"line":31,"column":31}},"31":{"start":{"line":32,"column":0},"end":{"line":32,"column":55}},"32":{"start":{"line":33,"column":0},"end":{"line":33,"column":3}},"33":{"start":{"line":34,"column":0},"end":{"line":34,"column":1}},"34":{"start":{"line":35,"column":0},"end":{"line":35,"column":0}},"35":{"start":{"line":36,"column":0},"end":{"line":36,"column":3}},"36":{"start":{"line":37,"column":0},"end":{"line":37,"column":36}},"37":{"start":{"line":38,"column":0},"end":{"line":38,"column":3}},"38":{"start":{"line":39,"column":0},"end":{"line":39,"column":51}},"39":{"start":{"line":40,"column":0},"end":{"line":40,"column":32}},"40":{"start":{"line":41,"column":0},"end":{"line":41,"column":42}},"41":{"start":{"line":42,"column":0},"end":{"line":42,"column":34}},"42":{"start":{"line":43,"column":0},"end":{"line":43,"column":59}},"43":{"start":{"line":44,"column":0},"end":{"line":44,"column":3}},"44":{"start":{"line":45,"column":0},"end":{"line":45,"column":1}},"45":{"start":{"line":46,"column":0},"end":{"line":46,"column":0}},"46":{"start":{"line":47,"column":0},"end":{"line":47,"column":3}},"47":{"start":{"line":48,"column":0},"end":{"line":48,"column":25}},"48":{"start":{"line":49,"column":0},"end":{"line":49,"column":3}},"49":{"start":{"line":50,"column":0},"end":{"line":50,"column":55}},"50":{"start":{"line":51,"column":0},"end":{"line":51,"column":50}},"51":{"start":{"line":52,"column":0},"end":{"line":52,"column":46}},"52":{"start":{"line":53,"column":0},"end":{"line":53,"column":38}},"53":{"start":{"line":54,"column":0},"end":{"line":54,"column":63}},"54":{"start":{"line":55,"column":0},"end":{"line":55,"column":3}},"55":{"start":{"line":56,"column":0},"end":{"line":56,"column":1}},"56":{"start":{"line":57,"column":0},"end":{"line":57,"column":0}},"57":{"start":{"line":58,"column":0},"end":{"line":58,"column":3}},"58":{"start":{"line":59,"column":0},"end":{"line":59,"column":21}},"59":{"start":{"line":60,"column":0},"end":{"line":60,"column":3}},"60":{"start":{"line":61,"column":0},"end":{"line":61,"column":57}},"61":{"start":{"line":62,"column":0},"end":{"line":62,"column":46}},"62":{"start":{"line":63,"column":0},"end":{"line":63,"column":48}},"63":{"start":{"line":64,"column":0},"end":{"line":64,"column":40}},"64":{"start":{"line":65,"column":0},"end":{"line":65,"column":65}},"65":{"start":{"line":66,"column":0},"end":{"line":66,"column":3}},"66":{"start":{"line":67,"column":0},"end":{"line":67,"column":1}},"67":{"start":{"line":68,"column":0},"end":{"line":68,"column":0}},"68":{"start":{"line":69,"column":0},"end":{"line":69,"column":3}},"69":{"start":{"line":70,"column":0},"end":{"line":70,"column":22}},"70":{"start":{"line":71,"column":0},"end":{"line":71,"column":3}},"71":{"start":{"line":72,"column":0},"end":{"line":72,"column":49}},"72":{"start":{"line":73,"column":0},"end":{"line":73,"column":33}},"73":{"start":{"line":74,"column":0},"end":{"line":74,"column":57}},"74":{"start":{"line":75,"column":0},"end":{"line":75,"column":32}},"75":{"start":{"line":76,"column":0},"end":{"line":76,"column":57}},"76":{"start":{"line":77,"column":0},"end":{"line":77,"column":3}},"77":{"start":{"line":78,"column":0},"end":{"line":78,"column":1}},"78":{"start":{"line":79,"column":0},"end":{"line":79,"column":0}},"79":{"start":{"line":80,"column":0},"end":{"line":80,"column":3}},"80":{"start":{"line":81,"column":0},"end":{"line":81,"column":29}},"81":{"start":{"line":82,"column":0},"end":{"line":82,"column":3}},"82":{"start":{"line":83,"column":0},"end":{"line":83,"column":56}},"83":{"start":{"line":84,"column":0},"end":{"line":84,"column":32}},"84":{"start":{"line":85,"column":0},"end":{"line":85,"column":47}},"85":{"start":{"line":86,"column":0},"end":{"line":86,"column":39}},"86":{"start":{"line":87,"column":0},"end":{"line":87,"column":64}},"87":{"start":{"line":88,"column":0},"end":{"line":88,"column":3}},"88":{"start":{"line":89,"column":0},"end":{"line":89,"column":1}},"89":{"start":{"line":90,"column":0},"end":{"line":90,"column":0}},"90":{"start":{"line":91,"column":0},"end":{"line":91,"column":3}},"91":{"start":{"line":92,"column":0},"end":{"line":92,"column":24}},"92":{"start":{"line":93,"column":0},"end":{"line":93,"column":3}},"93":{"start":{"line":94,"column":0},"end":{"line":94,"column":46}},"94":{"start":{"line":95,"column":0},"end":{"line":95,"column":32}},"95":{"start":{"line":96,"column":0},"end":{"line":96,"column":42}},"96":{"start":{"line":97,"column":0},"end":{"line":97,"column":29}},"97":{"start":{"line":98,"column":0},"end":{"line":98,"column":54}},"98":{"start":{"line":99,"column":0},"end":{"line":99,"column":3}},"99":{"start":{"line":100,"column":0},"end":{"line":100,"column":1}},"100":{"start":{"line":101,"column":0},"end":{"line":101,"column":0}},"101":{"start":{"line":102,"column":0},"end":{"line":102,"column":3}},"102":{"start":{"line":103,"column":0},"end":{"line":103,"column":26}},"103":{"start":{"line":104,"column":0},"end":{"line":104,"column":3}},"104":{"start":{"line":105,"column":0},"end":{"line":105,"column":46}},"105":{"start":{"line":106,"column":0},"end":{"line":106,"column":32}},"106":{"start":{"line":107,"column":0},"end":{"line":107,"column":42}},"107":{"start":{"line":108,"column":0},"end":{"line":108,"column":29}},"108":{"start":{"line":109,"column":0},"end":{"line":109,"column":54}},"109":{"start":{"line":110,"column":0},"end":{"line":110,"column":3}},"110":{"start":{"line":111,"column":0},"end":{"line":111,"column":1}},"111":{"start":{"line":112,"column":0},"end":{"line":112,"column":0}},"112":{"start":{"line":113,"column":0},"end":{"line":113,"column":3}},"113":{"start":{"line":114,"column":0},"end":{"line":114,"column":25}},"114":{"start":{"line":115,"column":0},"end":{"line":115,"column":3}},"115":{"start":{"line":116,"column":0},"end":{"line":116,"column":49}},"116":{"start":{"line":117,"column":0},"end":{"line":117,"column":43}},"117":{"start":{"line":118,"column":0},"end":{"line":118,"column":39}},"118":{"start":{"line":119,"column":0},"end":{"
[...]
tart":{"line":269,"column":0},"end":{"line":269,"column":1}},"269":{"start":{"line":270,"column":0},"end":{"line":270,"column":0}},"270":{"start":{"line":271,"column":0},"end":{"line":271,"column":3}},"271":{"start":{"line":272,"column":0},"end":{"line":272,"column":36}},"272":{"start":{"line":273,"column":0},"end":{"line":273,"column":3}},"273":{"start":{"line":274,"column":0},"end":{"line":274,"column":67}},"274":{"start":{"line":275,"column":0},"end":{"line":275,"column":44}},"275":{"start":{"line":276,"column":0},"end":{"line":276,"column":47}},"276":{"start":{"line":277,"column":0},"end":{"line":277,"column":28}},"277":{"start":{"line":278,"column":0},"end":{"line":278,"column":3}},"278":{"start":{"line":279,"column":0},"end":{"line":279,"column":10}},"279":{"start":{"line":280,"column":0},"end":{"line":280,"column":16}},"280":{"start":{"line":281,"column":0},"end":{"line":281,"column":22}},"281":{"start":{"line":282,"column":0},"end":{"line":282,"column":22}},"282":{"start":{"line":283,"column":0},"end":{"line":283,"column":4}},"283":{"start":{"line":284,"column":0},"end":{"line":284,"column":1}},"284":{"start":{"line":285,"column":0},"end":{"line":285,"column":0}},"285":{"start":{"line":286,"column":0},"end":{"line":286,"column":3}},"286":{"start":{"line":287,"column":0},"end":{"line":287,"column":37}},"287":{"start":{"line":288,"column":0},"end":{"line":288,"column":3}},"288":{"start":{"line":289,"column":0},"end":{"line":289,"column":67}},"289":{"start":{"line":290,"column":0},"end":{"line":290,"column":44}},"290":{"start":{"line":291,"column":0},"end":{"line":291,"column":47}},"291":{"start":{"line":292,"column":0},"end":{"line":292,"column":28}},"292":{"start":{"line":293,"column":0},"end":{"line":293,"column":3}},"293":{"start":{"line":294,"column":0},"end":{"line":294,"column":10}},"294":{"start":{"line":295,"column":0},"end":{"line":295,"column":16}},"295":{"start":{"line":296,"column":0},"end":{"line":296,"column":24}},"296":{"start":{"line":297,"column":0},"end":{"line":297,"column":24}},"297":{"start":{"line":298,"column":0},"end":{"line":298,"column":24}},"298":{"start":{"line":299,"column":0},"end":{"line":299,"column":22}},"299":{"start":{"line":300,"column":0},"end":{"line":300,"column":4}},"300":{"start":{"line":301,"column":0},"end":{"line":301,"column":1}}},"s":{"0":1,"1":1,"2":1,"3":1,"4":1,"5":1,"6":1,"7":1,"8":1,"9":1,"10":1,"11":1,"12":1,"13":1,"14":1,"15":1,"16":1,"17":1,"18":1,"19":1,"20":1,"21":1,"22":1,"23":1,"24":1,"25":1,"26":1,"27":1,"28":1,"29":1,"30":1,"31":1,"32":1,"33":1,"34":1,"35":1,"36":1,"37":1,"38":1,"39":1,"40":1,"41":1,"42":1,"43":1,"44":1,"45":1,"46":1,"47":1,"48":1,"49":1,"50":1,"51":1,"52":1,"53":1,"54":1,"55":1,"56":1,"57":1,"58":1,"59":1,"60":1,"61":1,"62":1,"63":1,"64":1,"65":1,"66":1,"67":1,"68":1,"69":1,"70":1,"71":1,"72":1,"73":1,"74":1,"75":1,"76":1,"77":1,"78":1,"79":1,"80":1,"81":1,"82":1,"83":1,"84":1,"85":1,"86":1,"87":1,"88":1,"89":1,"90":1,"91":1,"92":1,"93":1,"94":1,"95":1,"96":1,"97":1,"98":1,"99":1,"100":1,"101":1,"102":1,"103":1,"104":1,"105":1,"106":1,"107":1,"108":1,"109":1,"110":1,"111":1,"112":1,"113":1,"114":1,"115":1,"116":1,"117":1,"118":1,"119":1,"120":1,"121":1,"122":1,"123":1,"124":1,"125":1,"126":1,"127":1,"128":1,"129":1,"130":1,"131":1,"132":1,"133":1,"134":1,"135":1,"136":1,"137":1,"138":1,"139":1,"140":1,"141":1,"142":1,"143":1,"144":1,"145":1,"146":1,"147":1,"148":1,"149":1,"150":1,"151":1,"152":1,"153":1,"154":1,"155":1,"156":1,"157":1,"158":1,"159":1,"160":1,"161":1,"162":1,"163":1,"164":1,"165":1,"166":1,"167":1,"168":1,"169":1,"170":1,"171":1,"172":1,"173":1,"174":1,"175":1,"176":1,"177":1,"178":1,"179":1,"180":1,"181":1,"182":1,"183":1,"184":1,"185":1,"186":1,"187":1,"188":1,"189":1,"190":1,"191":1,"192":1,"193":1,"194":1,"195":1,"196":1,"197":1,"198":1,"199":1,"200":1,"201":1,"202":1,"203":1,"204":1,"205":1,"206":1,"207":1,"208":1,"209":1,"210":1,"211":1,"212":1,"213":1,"214":2,"215":2,"216":1,"217":1,"218":1,"219":1,"220":1,"221":2,"222":2,"223":1,"224":1,"225":1,"226":1,"227":1,"228":2,"229":2,"230":1,"231":1,"232":1,"233":1,"234":1,"235":2,"236":2,"237":1,"238":1,"239":1,"240":1,"241":1,"242":2,"243":2,"244":1,"245":1,"246":1,"247":1,"248":1,"249":2,"250":2,"251":1,"252":1,"253":1,"254":1,"255":1,"256":2,"257":2,"258":1,"259":1,"260":1,"261":1,"262":1,"263":2,"264":2,"265":2,"266":2,"267":2,"268":2,"269":1,"270":1,"271":1,"272":1,"273":1,"274":1,"275":1,"276":1,"277":1,"278":1,"279":1,"280":1,"281":1,"282":1,"283":1,"284":1,"285":1,"286":1,"287":1,"288":1,"289":1,"290":1,"291":1,"292":1,"293":1,"294":1,"295":1,"296":1,"297":1,"298":1,"299":1,"300":1},"branchMap":{"0":{"type":"branch","line":214,"loc":{"start":{"line":214,"column":7},"end":{"line":216,"column":1}},"locations":[{"start":{"line":214,"column":7},"end":{"line":216,"column":1}}]},"1":{"type":"branch","line":221,"loc":{"start":{"line":221,"column":7},"end":{"line":223,"column":1}},"locations":[{"start":{"line":221,"column":7},"end":{"line":223,"column":1}}]},"2":{"type":"branch","line":228,"loc":{"start":{"line":228,"column":7},"end":{"line":230,"column":1}},"locations":[{"start":{"line":228,"column":7},"end":{"line":230,"column":1}}]},"3":{"type":"branch","line":235,"loc":{"start":{"line":235,"column":7},"end":{"line":237,"column":1}},"locations":[{"start":{"line":235,"column":7},"end":{"line":237,"column":1}}]},"4":{"type":"branch","line":242,"loc":{"start":{"line":242,"column":7},"end":{"line":244,"column":1}},"locations":[{"start":{"line":242,"column":7},"end":{"line":244,"column":1}}]},"5":{"type":"branch","line":249,"loc":{"start":{"line":249,"column":7},"end":{"line":251,"column":1}},"locations":[{"start":{"line":249,"column":7},"end":{"line":251,"column":1}}]},"6":{"type":"branch","line":256,"loc":{"start":{"line":256,"column":7},"end":{"line":258,"column":1}},"locations":[{"start":{"line":256,"column":7},"end":{"line":258,"column":1}}]},"7":{"type":"branch","line":263,"loc":{"start":{"line":263,"column":7},"end":{"line":269,"column":1}},"locations":[{"start":{"line":263,"column":7},"end":{"line":269,"column":1}}]},"8":{"type":"branch","line":274,"loc":{"start":{"line":274,"column":7},"end":{"line":284,"column":1}},"locations":[{"start":{"line":274,"column":7},"end":{"line":284,"column":1}}]},"9":{"type":"branch","line":289,"loc":{"start":{"line":289,"column":7},"end":{"line":301,"column":1}},"locations":[{"start":{"line":289,"column":7},"end":{"line":301,"column":1}}]}},"b":{"0":[2],"1":[2],"2":[2],"3":[2],"4":[2],"5":[2],"6":[2],"7":[2],"8":[1],"9":[1]},"fnMap":{"0":{"name":"isEmptyResult","decl":{"start":{"line":214,"column":7},"end":{"line":216,"column":1}},"loc":{"start":{"line":214,"column":7},"end":{"line":216,"column":1}},"line":214},"1":{"name":"isRowsResult","decl":{"start":{"line":221,"column":7},"end":{"line":223,"column":1}},"loc":{"start":{"line":221,"column":7},"end":{"line":223,"column":1}},"line":221},"2":{"name":"isNodesResult","decl":{"start":{"line":228,"column":7},"end":{"line":230,"column":1}},"loc":{"start":{"line":228,"column":7},"end":{"line":230,"column":1}},"line":228},"3":{"name":"isEdgesResult","decl":{"start":{"line":235,"column":7},"end":{"line":237,"column":1}},"loc":{"start":{"line":235,"column":7},"end":{"line":237,"column":1}},"line":235},"4":{"name":"isPathsResult","decl":{"start":{"line":242,"column":7},"end":{"line":244,"column":1}},"loc":{"start":{"line":242,"column":7},"end":{"line":244,"column":1}},"line":242},"5":{"name":"isSimilarResult","decl":{"start":{"line":249,"column":7},"end":{"line":251,"column":1}},"loc":{"start":{"line":249,"column":7},"end":{"line":251,"column":1}},"line":249},"6":{"name":"isErrorResult","decl":{"start":{"line":256,"column":7},"end":{"line":258,"column":1}},"loc":{"start":{"line":256,"column":7},"end":{"line":258,"column":1}},"line":256},"7":{"name":"rowToObject","decl":{"start":{"line":263,"column":7},"end":{"line":269,"column":1}},"loc":{"start":{"line":263,"column":7},"end":{"line":269,"column":1}},"line":263},"8":{"name":"nodeToObject","decl":{"start":{"line":274,"column":7},"end":{"line":284,"column":1}},"loc":{"start":{"line":274,"column":7},"end":{"line":284,"column":1}},"line":274},"9":{"name":"edgeToObject","decl":{"start":{"line":289,"column":7},"end":{"line":301,"column":1}},"loc":{"start":{"line":289,"column":7},"end":{"line":301,"column":1}},"line":289}},"f":{"0":2,"1":2,"2":2,"3":2,"4":2,"5":2,"6":2,"7":2,"8":1,"9":1}}
,"/Users/lukin/Neumann/neumann-ts/src/types/value.ts": {"path":"/Users/lukin/Neumann/neumann-ts/src/types/value.ts","all":false,"statementMap":{"0":{"start":{"line":1,"column":0},"end":{"line":1,"column":31}},"1":{"start":{"line":2,"column":0},"end":{"line":2,"column":3}},"2":{"start":{"line":3,"column":0},"end":{"line":3,"column":43}},"3":{"start":{"line":4,"column":0},"end":{"line":4,"column":3}},"4":{"start":{"line":5,"column":0},"end":{"line":5,"column":80}},"5":{"start":{"line":6,"column":0},"end":{"line":6,"column":0}},"6":{"start":{"line":7,"column":0},"end":{"line":7,"column":3}},"7":{"start":{"line":8,"column":0},"end":{"line":8,"column":24}},"8":{"start":{"line":9,"column":0},"end":{"line":9,"column":3}},"9":{"start":{"line":10,"column":0},"end":{"line":10,"column":24}},"10":{"start":{"line":11,"column":0},"end":{"line":11,"column":19}},"11":{"start":{"line":12,"column":0},"end":{"line":12,"column":54}},"12":{"start":{"line":13,"column":0},"end":{"line":13,"column":1}},"13":{"start":{"line":14,"column":0},"end":{"line":14,"column":0}},"14":{"start":{"line":15,"column":0},"end":{"line":15,"column":3}},"15":{"start":{"line":16,"column":0},"end":{"line":16,"column":23}},"16":{"start":{"line":17,"column":0},"end":{"line":17,"column":3}},"17":{"start":{"line":18,"column":0},"end":{"line":18,"column":36}},"18":{"start":{"line":19,"column":0},"end":{"line":19,"column":38}},"19":{"start":{"line":20,"column":0},"end":{"line":20,"column":1}},"20":{"start":{"line":21,"column":0},"end":{"line":21,"column":0}},"21":{"start":{"line":22,"column":0},"end":{"line":22,"column":3}},"22":{"start":{"line":23,"column":0},"end":{"line":23,"column":27}},"23":{"start":{"line":24,"column":0},"end":{"line":24,"column":3}},"24":{"start":{"line":25,"column":0},"end":{"line":25,"column":44}},"25":{"start":{"line":26,"column":0},"end":{"line":26,"column":46}},"26":{"start":{"line":27,"column":0},"end":{"line":27,"column":1}},"27":{"start":{"line":28,"column":0},"end":{"line":28,"column":0}},"28":{"start":{"line":29,"column":0},"end":{"line":29,"column":3}},"29":{"start":{"line":30,"column":0},"end":{"line":30,"column":24}},"30":{"start":{"line":31,"column":0},"end":{"line":31,"column":3}},"31":{"start":{"line":32,"column":0},"end":{"line":32,"column":46}},"32":{"start":{"line":33,"column":0},"end":{"line":33,"column":36}},"33":{"start":{"line":34,"column":0},"end":{"line":34,"column":1}},"34":{"start":{"line":35,"column":0},"end":{"line":35,"column":0}},"35":{"start":{"line":36,"column":0},"end":{"line":36,"column":3}},"36":{"start":{"line":37,"column":0},"end":{"line":37,"column":25}},"37":{"start":{"line":38,"column":0},"end":{"line":38,"column":3}},"38":{"start":{"line":39,"column":0},"end":{"line":39,"column":47}},"39":{"start":{"line":40,"column":0},"end":{"line":40,"column":37}},"40":{"start":{"line":41,"column":0},"end":{"line":41,"column":1}},"41":{"start":{"line":42,"column":0},"end":{"line":42,"column":0}},"42":{"start":{"line":43,"column":0},"end":{"line":43,"column":3}},"43":{"start":{"line":44,"column":0},"end":{"line":44,"column":26}},"44":{"start":{"line":45,"column":0},"end":{"line":45,"column":3}},"45":{"start":{"line":46,"column":0},"end":{"line":46,"column":46}},"46":{"start":{"line":47,"column":0},"end":{"line":47,"column":35}},"47":{"start":{"line":48,"column":0},"end":{"line":48,"column":1}},"48":{"start":{"line":49,"column":0},"end":{"line":49,"column":0}},"49":{"start":{"line":50,"column":0},"end":{"line":50,"column":3}},"50":{"start":{"line":51,"column":0},"end":{"line":51,"column":24}},"51":{"start":{"line":52,"column":0},"end":{"line":52,"column":3}},"52":{"start":{"line":53,"column":0},"end":{"line":53,"column":50}},"53":{"start":{"line":54,"column":0},"end":{"line":54,"column":36}},"54":{"start":{"line":55,"column":0},"end":{"line":55,"column":1}},"55":{"start":{"line":56,"column":0},"end":{"line":56,"column":0}},"56":{"start":{"line":57,"column":0},"end":{"line":57,"column":3}},"57":{"start":{"line":58,"column":0},"end":{"line":58,"column":49}},"58":{"start":{"line":59,"column":0},"end":{"line":59,"column":3}},"59":{"start":{"line":60,"column":0},"end":{"line":60,"column":92}},"60":{"start":{"line":61,"column":0},"end":{"line":61,"column":20}},"61":{"start":{"line":62,"column":0},"end":{"line":62,"column":1}},"62":{"start":{"line":63,"column":0},"end":{"line":63,"column":0}},"63":{"start":{"line":64,"column":0},"end":{"line":64,"column":3}},"64":{"start":{"line":65,"column":0},"end":{"line":65,"column":49}},"65":{"start":{"line":66,"column":0},"end":{"line":66,"column":3}},"66":{"start":{"line":67,"column":0},"end":{"line":67,"column":52}},"67":{"start":{"line":68,"column":0},"end":{"line":68,"column":38}},"68":{"start":{"line":69,"column":0},"end":{"line":69,"column":23}},"69":{"start":{"line":70,"column":0},"end":{"line":70,"column":3}},"70":{"start":{"line":71,"column":0},"end":{"line":71,"column":31}},"71":{"start":{"line":72,"column":0},"end":{"line":72,"column":24}},"72":{"start":{"line":73,"column":0},"end":{"line":73,"column":3}},"73":{"start":{"line":74,"column":0},"end":{"line":74,"column":30}},"74":{"start":{"line":75,"column":0},"end":{"line":75,"column":61}},"75":{"start":{"line":76,"column":0},"end":{"line":76,"column":3}},"76":{"start":{"line":77,"column":0},"end":{"line":77,"column":30}},"77":{"start":{"line":78,"column":0},"end":{"line":78,"column":26}},"78":{"start":{"line":79,"column":0},"end":{"line":79,"column":3}},"79":{"start":{"line":80,"column":0},"end":{"line":80,"column":32}},"80":{"start":{"line":81,"column":0},"end":{"line":81,"column":25}},"81":{"start":{"line":82,"column":0},"end":{"line":82,"column":3}},"82":{"start":{"line":83,"column":0},"end":{"line":83,"column":32}},"83":{"start":{"line":84,"column":0},"end":{"line":84,"column":1}}},"s":{"0":1,"1":1,"2":1,"3":1,"4":1,"5":1,"6":1,"7":1,"8":1,"9":1,"10":1,"11":1,"12":1,"13":1,"14":1,"15":1,"16":1,"17":1,"18":8,"19":8,"20":1,"21":1,"22":1,"23":1,"24":1,"25":11,"26":11,"27":1,"28":1,"29":1,"30":1,"31":1,"32":4,"33":4,"34":1,"35":1,"36":1,"37":1,"38":1,"39":8,"40":8,"41":1,"42":1,"43":1,"44":1,"45":1,"46":4,"47":4,"48":1,"49":1,"50":1,"51":1,"52":1,"53":3,"54":3,"55":1,"56":1,"57":1,"58":1,"59":1,"60":3,"61":3,"62":1,"63":1,"64":1,"65":1,"66":1,"67":8,"68":2,"69":2,"70":8,"71":1,"72":1,"73":8,"74":2,"75":2,"76":8,"77":1,"78":1,"79":8,"80":1,"81":1,"82":1,"83":1},"branchMap":{"0":{"type":"branch","line":18,"loc":{"start":{"line":18,"column":7},"end":{"line":20,"column":1}},"locations":[{"start":{"line":18,"column":7},"end":{"line":20,"column":1}}]},"1":{"type":"branch","line":25,"loc":{"start":{"line":25,"column":7},"end":{"line":27,"column":1}},"locations":[{"start":{"line":25,"column":7},"end":{"line":27,"column":1}}]},"2":{"type":"branch","line":32,"loc":{"start":{"line":32,"column":7},"end":{"line":34,"column":1}},"locations":[{"start":{"line":32,"column":7},"end":{"line":34,"column":1}}]},"3":{"type":"branch","line":39,"loc":{"start":{"line":39,"column":7},"end":{"line":41,"column":1}},"locations":[{"start":{"line":39,"column":7},"end":{"line":41,"column":1}}]},"4":{"type":"branch","line":46,"loc":{"start":{"line":46,"column":7},"end":{"line":48,"column":1}},"locations":[{"start":{"line":46,"column":7},"end":{"line":48,"column":1}}]},"5":{"type":"branch","line":53,"loc":{"start":{"line":53,"column":7},"end":{"line":55,"column":1}},"locations":[{"start":{"line":53,"column":7},"end":{"line":55,"column":1}}]},"6":{"type":"branch","line":60,"loc":{"start":{"line":60,"column":7},"end":{"line":62,"column":1}},"locations":[{"start":{"line":60,"column":7},"end":{"line":62,"column":1}}]},"7":{"type":"branch","line":67,"loc":{"start":{"line":67,"column":7},"end":{"line":84,"column":1}},"locations":[{"start":{"line":67,"column":7},"end":{"line":84,"column":1}}]},"8":{"type":"branch","line":68,"loc":{"start":{"line":68,"column":12},"end":{"line":68,"column":37}},"locations":[{"start":{"line":68,"column":12},"end":{"line":68,"column":37}}]},"9":{"type":"branch","line":68,"loc":{"start":{"line":68,"column":37},"end":{"line":70,"column":3}},"locations":[{"start":{"line":68,"column":37},"end":{"line":70,"column":3}}]},"10":{"type":"branch","line":70,"loc":{"start":{"line":70,"column":2},"end":{"line":71,"column":30}},"locations":[{"start":{"line":70,"column":2},"end":{"line":71,"column":30}}]},"11":{"type":"branch","line":71,"loc":{"start":{"line":71,"column":30},"end":{"line":73,"column":3}},"locations":[{"start":{"line":71,"column":30},"end":{"line":73,"column":3}}]},"12":{"type":"branch","line":73,"loc":{"start":{"line":73,"column":2},"end":{"line":74,"column":29}},"locations":[{"start":{"line":73,"column":2},"end":{"line":74,"column":29}}]},"13":{"type":"branch","line":74,"loc":{"start":{"line":74,"column":29},"end":{"line":76,"column":3}},"locations":[{"start":{"line":74,"column":29},"end":{"line":76,"column":3}}]},"14":{"type":"branch","line":75,"loc":{"start":{"line":75,"column":29},"end":{"line":75,"column":47}},"locations":[{"start":{"line":75,"column":29},"end":{"line":75,"column":47}}]},"15":{"type":"branch","line":75,"loc":{"start":{"line":75,"column":43},"end":{"line":75,"column":61}},"locations":[{"start":{"line":75,"column":43},"end":{"line":75,"column":61}}]},"16":{"type":"branch","line":76,"loc":{"start":{"line":76,"column":2},"end":{"line":77,"column":29}},"locations":[{"start":{"line":76,"column":2},"end":{"line":77,"column":29}}]},"17":{"type":"branch","line":77,"loc":{"start":{"line":77,"column":29},"end":{"line":79,"column":3}},"locations":[{"start":{"line":77,"column":29},"end":{"line":79,"column":3}}]},"18":{"type":"branch","line":79,"loc":{"start":{"line":79,"column":2},"end":{"line":80,"column":31}},"locations":[{"start":{"line":79,"column":2},"end":{"line":80,"column":31}}]},"19":{"type":"branch","line":80,"loc":{"start":{"line":80,"column":31},"end":{"line":84,"column":1}},"locations":[{"start":{"line":80,"column":31},"end":{"line":84,"column":1}}]}},"b":{"0":[8],"1":[11],"2":[4],"3":[8],"4":[4],"5":[3],"6":[3],"7":[8],"8":[7],"9":[2],"10":[6],"11":[1],"12":[5],"13":[2],"14":[1],"15":[1],"16":[3],"17":[1],"18":[2],"19":[1]},"fnMap":{"0":{"name":"nullValue","decl":{"start":{"line":18,"column":7},"end":{"line":20,"column":1}},"loc":{"start":{"line":18,"column":7},"end":{"line":20,"column":1}},"line":18},"1":{"name":"intValue","decl":{"start":{"line":25,"column":7},"end":{"line":27,"column":1}},"loc":{"start":{"line":25,"column":7},"end":{"line":27,"column":1}},"line":25},"2":{"name":"floatValue","decl":{"start":{"line":32,"column":7},"end":{"line":34,"column":1}},"loc":{"start":{"line":32,"column":7},"end":{"line":34,"column":1}},"line":32},"3":{"name":"stringValue","decl":{"start":{"line":39,"column":7},"end":{"line":41,"column":1}},"loc":{"start":{"line":39,"column":7},"end":{"line":41,"column":1}},"line":39},"4":{"name":"boolValue","decl":{"start":{"line":46,"column":7},"end":{"line":48,"column":1}},"loc":{"start":{"line":46,"column":7},"end":{"line":48,"column":1}},"line":46},"5":{"name":"bytesValue","decl":{"start":{"line":53,"column":7},"end":{"line":55,"column":1}},"loc":{"start":{"line":53,"column":7},"end":{"line":55,"column":1}},"line":53},"6":{"name":"valueToNative","decl":{"start":{"line":60,"column":7},"end":{"line":62,"column":1}},"loc":{"start":{"line":60,"column":7},"end":{"line":62,"column":1}},"line":60},"7":{"name":"valueFromNative","decl":{"start":{"line":67,"column":7},"end":{"line":84,"column":1}},"loc":{"start":{"line":67,"column":7},"end":{"line":84,"column":1}},"line":67}},"f":{"0":8,"1":11,"2":4,"3":8,"4":4,"5":3,"6":3,"7":8}}
}
